
 _____                    _                 
/__   \___ _ __ _ __ ___ (_)_ __  _   _ ___ 
  / /\/ _ \ '__| '_ ` _ \| | '_ \| | | / __|
 / / |  __/ |  | | | | | | | | | | |_| \__ \
 \/   \___|_|  |_| |_| |_|_|_| |_|\__,_|___/
                                            

2024-07-08T23:39:07.665-0700	current user: root
2024-07-08T23:39:07.669-0700	[Job] [Startup] start ...
2024-07-08T23:39:07.669-0700	[Module] GetMachineInfo
2024-07-08T23:39:07.669-0700	[A] LocalHost: GetMachineInfo
2024-07-08T23:39:07.672-0700	[A] LocalHost: GetMachineInfo success (3.086346ms)
2024-07-08T23:39:07.672-0700	[A] LocalHost: GetCgroupsEnabled
MACHINE, hostname: zhaoyu, cpu: 14, mem: 30.98 GB, disk: 937.33 GB, local-ip: 
SYSTEM, os: linux, platform: ubuntu, arch: amd64, version: 22.04
CGROUP, cpu-enabled: 1, memory-enabled: 1
2024-07-08T23:39:07.672-0700	[A] LocalHost: GetCgroupsEnabled success (48.75µs)
2024-07-08T23:39:07.672-0700	[A] LocalHost: GetLocalIp
2024-07-08T23:39:07.672-0700	[A] LocalHost: GetLocalIp success (116.454µs)
2024-07-08T23:39:07.672-0700	[Module] CopyScripts
2024-07-08T23:39:07.672-0700	[A] LocalHost: CopyScripts
2024-07-08T23:39:07.673-0700	[A] LocalHost: CopyScripts success (183.757µs)
2024-07-08T23:39:07.673-0700	[A] LocalHost: Greeting
2024-07-08T23:39:07.685-0700	script CMD: /project/scripts/greeting.sh, OUTPUT: 
ubuntu
test script greetings
lsb_dist=ubuntu
BASE_DIR=/project/scripts
2024-07-08T23:39:07.685-0700	[A] LocalHost: Greeting success (12.532894ms)
2024-07-08T23:39:07.685-0700	[Job] Startup execute successfully!!! (16.075495ms)
2024-07-08T23:39:30.622-0700	[Job] [Install Terminus] start ...
2024-07-08T23:39:30.622-0700	[Module] TerminusGreeting
2024-07-08T23:39:30.623-0700	[A] LocalHost: Greetings
2024-07-08T23:39:30.624-0700	[A] LocalHost: Greetings success (1.321981ms)
2024-07-08T23:39:30.624-0700	[Module] SaveInstallConfig
2024-07-08T23:39:30.624-0700	[A] LocalHost: Save
2024-07-08T23:39:30.650-0700	[A] LocalHost: Save success (26.250775ms)
2024-07-08T23:39:30.650-0700	[Module] GreetingsModule
2024-07-08T23:39:30.972-0700	[A] Remote: Greetings
2024-07-08T23:39:30.984-0700	[exec] zhaoyu CMD: sudo -E /bin/bash -c "echo 'Greetings, KubeKey!!!!! hahahaha!!!!'", OUTPUT: 
Greetings, KubeKey!!!!! hahahaha!!!!
2024-07-08T23:39:30.984-0700	[A] zhaoyu: Greetings success (333.861535ms)
2024-07-08T23:39:30.984-0700	[Module] K3sNodeBinariesModule
2024-07-08T23:39:30.984-0700	[A] LocalHost: DownloadBinaries
---helm zone / 1--- 
---helm url / 2--- https://get.helm.sh/helm-v3.9.0-linux-amd64.tar.gz
2024-07-08T23:39:33.475-0700	get file k3s size: 49.69 MB
2024-07-08T23:40:00.170-0700	k3s download succeeded
2024-07-08T23:40:01.550-0700	get file helm size: 13.31 MB
---untarCmd / 1--- cd /project/pkg/helm/v3.9.0/amd64 && tar -zxf helm-v3.9.0-linux-amd64.tar.gz && mv linux-amd64/helm . && rm -rf *linux-amd64*
---untarCmd / 5--- exit status 2
2024-07-08T23:40:06.913-0700	decompression failed: exit status 2
2024-07-08T23:40:08.086-0700	get file helm size: 13.31 MB
---untarCmd / 1--- cd /project/pkg/helm/v3.9.0/amd64 && tar -zxf helm-v3.9.0-linux-amd64.tar.gz && mv linux-amd64/helm . && rm -rf *linux-amd64*
---untarCmd / 5--- exit status 2
2024-07-08T23:40:08.908-0700	decompression failed: exit status 2
2024-07-08T23:40:10.133-0700	get file helm size: 13.31 MB
---untarCmd / 1--- cd /project/pkg/helm/v3.9.0/amd64 && tar -zxf helm-v3.9.0-linux-amd64.tar.gz && mv linux-amd64/helm . && rm -rf *linux-amd64*
---untarCmd / 5--- exit status 2
2024-07-08T23:40:10.963-0700	decompression failed: exit status 2
2024-07-08T23:40:12.178-0700	get file helm size: 13.31 MB
---untarCmd / 1--- cd /project/pkg/helm/v3.9.0/amd64 && tar -zxf helm-v3.9.0-linux-amd64.tar.gz && mv linux-amd64/helm . && rm -rf *linux-amd64*
---untarCmd / 5--- exit status 2
2024-07-08T23:40:12.982-0700	decompression failed: exit status 2
2024-07-08T23:40:14.227-0700	get file helm size: 13.31 MB
---untarCmd / 1--- cd /project/pkg/helm/v3.9.0/amd64 && tar -zxf helm-v3.9.0-linux-amd64.tar.gz && mv linux-amd64/helm . && rm -rf *linux-amd64*
---untarCmd / 5--- exit status 2
2024-07-08T23:40:15.054-0700	decompression failed: exit status 2
2024-07-08T23:40:17.607-0700	get file cni-plugins-linux-amd64-v0.9.1.tgz size: 37.93 MB
2024-07-08T23:40:30.042-0700	cni-plugins-linux-amd64-v0.9.1.tgz download succeeded
2024-07-08T23:40:31.236-0700	get file etcd-v3.4.13-linux-amd64.tar.gz size: 16.57 MB
2024-07-08T23:41:24.309-0700	etcd-v3.4.13-linux-amd64.tar.gz download succeeded
2024-07-08T23:41:24.309-0700	[A] LocalHost: DownloadBinaries success (1m53.324792636s)
2024-07-08T23:41:24.309-0700	[Module] ConfigureOSModule
2024-07-08T23:41:24.309-0700	[A] Remote: GetOSData
---1--- PRETTY_NAME="Ubuntu 22.04.2 LTS"
NAME="Ubuntu"
VERSION_ID="22.04"
VERSION="22.04.2 LTS (Jammy Jellyfish)"
VERSION_CODENAME=jammy
ID=ubuntu
ID_LIKE=debian
HOME_URL="https://www.ubuntu.com/"
SUPPORT_URL="https://help.ubuntu.com/"
BUG_REPORT_URL="https://bugs.launchpad.net/ubuntu/"
PRIVACY_POLICY_URL="https://www.ubuntu.com/legal/terms-and-policies/privacy-policy"
UBUNTU_CODENAME=jammy
2024-07-08T23:41:24.318-0700	[A] zhaoyu: GetOSData success (8.926881ms)
2024-07-08T23:41:24.318-0700	[A] Remote: InitOS
2024-07-08T23:41:24.580-0700	[A] zhaoyu: InitOS success (262.071475ms)
2024-07-08T23:41:24.580-0700	[A] Remote: GenerateScript
2024-07-08T23:41:24.601-0700	scp local file /project/pkg/zhaoyu/initOS.sh to remote /tmp/kubekey/usr/local/bin/kube-scripts/initOS.sh success
2024-07-08T23:41:24.623-0700	[A] zhaoyu: GenerateScript success (42.872496ms)
2024-07-08T23:41:24.623-0700	[A] Remote: ExecScript
2024-07-08T23:41:25.278-0700	[exec] zhaoyu CMD: sudo -E /bin/bash -c "/usr/local/bin/kube-scripts/initOS.sh", OUTPUT: 
net.ipv4.ip_forward = 1
net.bridge.bridge-nf-call-arptables = 1
net.bridge.bridge-nf-call-ip6tables = 1
net.bridge.bridge-nf-call-iptables = 1
net.ipv4.ip_local_reserved_ports = 30000-32767
vm.max_map_count = 262144
vm.swappiness = 1
fs.inotify.max_user_instances = 524288
kernel.pid_max = 65535
net.ipv4.tcp_tw_reuse = 1
net.ipv4.tcp_max_tw_buckets = 32768
net.ipv4.tcp_timestamps = 0
net.ipv4.tcp_syncookies = 1
net.ipv4.tcp_keepalive_time = 1800
net.ipv4.tcp_keepalive_probes = 3
net.ipv4.tcp_keepalive_intvl = 15
net.ipv4.tcp_fin_timeout = 10
vm.overcommit_memory = 1
net.core.somaxconn = 10240
2024-07-08T23:41:25.278-0700	[A] zhaoyu: ExecScript success (655.282963ms)
2024-07-08T23:41:25.278-0700	[A] zhaoyu: ConfigureNtpServer skipped (33.181µs)
2024-07-08T23:41:25.278-0700	[Module] StatusModule
2024-07-08T23:41:25.278-0700	[A] Remote: GetClusterStatus(k3s)
2024-07-08T23:41:25.299-0700	check remote file exist: false
2024-07-08T23:41:25.299-0700	[A] zhaoyu: GetClusterStatus(k3s) success (20.295438ms)
2024-07-08T23:41:25.299-0700	[Module] ETCDPreCheckModule
2024-07-08T23:41:25.299-0700	[A] Remote: GetETCDStatus
2024-07-08T23:41:25.308-0700	check remote file exist: false
2024-07-08T23:41:25.308-0700	[A] zhaoyu: GetETCDStatus success (8.923277ms)
2024-07-08T23:41:25.308-0700	[Module] CertsModule
2024-07-08T23:41:25.308-0700	[A] Remote: FetchETCDCerts
2024-07-08T23:41:25.308-0700	[A] zhaoyu: FetchETCDCerts success (19.169µs)
2024-07-08T23:41:25.308-0700	[A] LocalHost: GenerateETCDCerts
[certs] Generating "ca" certificate and key
[certs] admin-zhaoyu serving cert is signed for DNS names [etcd etcd.kube-system etcd.kube-system.svc etcd.kube-system.svc.cluster.local lb.kubesphere.local localhost zhaoyu] and IPs [127.0.0.1 ::1 192.168.50.187]
[certs] member-zhaoyu serving cert is signed for DNS names [etcd etcd.kube-system etcd.kube-system.svc etcd.kube-system.svc.cluster.local lb.kubesphere.local localhost zhaoyu] and IPs [127.0.0.1 ::1 192.168.50.187]
[certs] node-zhaoyu serving cert is signed for DNS names [etcd etcd.kube-system etcd.kube-system.svc etcd.kube-system.svc.cluster.local lb.kubesphere.local localhost zhaoyu] and IPs [127.0.0.1 ::1 192.168.50.187]
2024-07-08T23:41:25.704-0700	[A] LocalHost: GenerateETCDCerts success (396.249332ms)
2024-07-08T23:41:25.704-0700	[A] Remote: SyncCertsFile
2024-07-08T23:41:25.731-0700	scp local file /project/pkg/pki/etcd/ca.pem to remote /tmp/kubekey/etc/ssl/etcd/ssl/ca.pem success
2024-07-08T23:41:25.785-0700	scp local file /project/pkg/pki/etcd/ca-key.pem to remote /tmp/kubekey/etc/ssl/etcd/ssl/ca-key.pem success
2024-07-08T23:41:25.842-0700	scp local file /project/pkg/pki/etcd/admin-zhaoyu.pem to remote /tmp/kubekey/etc/ssl/etcd/ssl/admin-zhaoyu.pem success
2024-07-08T23:41:25.884-0700	scp local file /project/pkg/pki/etcd/admin-zhaoyu-key.pem to remote /tmp/kubekey/etc/ssl/etcd/ssl/admin-zhaoyu-key.pem success
2024-07-08T23:41:25.925-0700	scp local file /project/pkg/pki/etcd/member-zhaoyu.pem to remote /tmp/kubekey/etc/ssl/etcd/ssl/member-zhaoyu.pem success
2024-07-08T23:41:25.967-0700	scp local file /project/pkg/pki/etcd/member-zhaoyu-key.pem to remote /tmp/kubekey/etc/ssl/etcd/ssl/member-zhaoyu-key.pem success
2024-07-08T23:41:26.007-0700	scp local file /project/pkg/pki/etcd/node-zhaoyu.pem to remote /tmp/kubekey/etc/ssl/etcd/ssl/node-zhaoyu.pem success
2024-07-08T23:41:26.047-0700	scp local file /project/pkg/pki/etcd/node-zhaoyu-key.pem to remote /tmp/kubekey/etc/ssl/etcd/ssl/node-zhaoyu-key.pem success
2024-07-08T23:41:26.069-0700	[A] zhaoyu: SyncCertsFile success (365.115356ms)
2024-07-08T23:41:26.069-0700	[A] zhaoyu: SyncCertsFileToMaster skipped (26.907µs)
2024-07-08T23:41:26.069-0700	[Module] InstallETCDBinaryModule
2024-07-08T23:41:26.069-0700	[A] Remote: InstallETCDBinary
2024-07-08T23:41:26.203-0700	scp local file /project/pkg/etcd/v3.4.13/amd64/etcd-v3.4.13-linux-amd64.tar.gz to remote /tmp/kubekey/etcd-v3.4.13-linux-amd64.tar.gz success
2024-07-08T23:41:26.517-0700	[A] zhaoyu: InstallETCDBinary success (447.493139ms)
2024-07-08T23:41:26.517-0700	[A] Remote: GenerateETCDService
2024-07-08T23:41:26.545-0700	scp local file /project/pkg/zhaoyu/etcd.service to remote /tmp/kubekey/etc/systemd/system/etcd.service success
2024-07-08T23:41:26.568-0700	[A] zhaoyu: GenerateETCDService success (51.27042ms)
2024-07-08T23:41:26.568-0700	[A] Remote: GenerateAccessAddress
2024-07-08T23:41:26.568-0700	[A] zhaoyu: GenerateAccessAddress success (41.682µs)
2024-07-08T23:41:26.568-0700	[Module] ETCDConfigureModule
2024-07-08T23:41:26.568-0700	[A] zhaoyu: ExistETCDHealthCheck skipped (5.373µs)
2024-07-08T23:41:26.568-0700	[A] Remote: GenerateETCDConfig
2024-07-08T23:41:26.587-0700	scp local file /project/pkg/zhaoyu/etcd.env to remote /tmp/kubekey/etc/etcd.env success
2024-07-08T23:41:26.610-0700	[A] zhaoyu: GenerateETCDConfig success (41.322037ms)
2024-07-08T23:41:26.610-0700	[A] Remote: AllRefreshETCDConfig
2024-07-08T23:41:26.628-0700	scp local file /project/pkg/zhaoyu/etcd.env to remote /tmp/kubekey/etc/etcd.env success
2024-07-08T23:41:26.651-0700	[A] zhaoyu: AllRefreshETCDConfig success (41.089004ms)
2024-07-08T23:41:26.651-0700	[A] Remote: RestartETCD
2024-07-08T23:41:29.562-0700	[A] zhaoyu: RestartETCD success (2.911523786s)
2024-07-08T23:41:29.562-0700	[A] Remote: AllETCDNodeHealthCheck
2024-07-08T23:41:29.584-0700	[A] zhaoyu: AllETCDNodeHealthCheck success (22.122124ms)
2024-07-08T23:41:29.584-0700	[A] Remote: RefreshETCDConfigToExist
2024-07-08T23:41:29.616-0700	scp local file /project/pkg/zhaoyu/etcd.env to remote /tmp/kubekey/etc/etcd.env success
2024-07-08T23:41:29.638-0700	[A] zhaoyu: RefreshETCDConfigToExist success (53.402477ms)
2024-07-08T23:41:29.638-0700	[A] Remote: AllETCDNodeHealthCheck
2024-07-08T23:41:29.657-0700	[A] zhaoyu: AllETCDNodeHealthCheck success (19.133789ms)
2024-07-08T23:41:29.657-0700	[Module] ETCDBackupModule
2024-07-08T23:41:29.657-0700	[A] Remote: BackupETCD
2024-07-08T23:41:29.687-0700	scp local file /project/pkg/zhaoyu/etcd-backup.sh to remote /tmp/kubekey/usr/local/bin/kube-scripts/etcd-backup.sh success
2024-07-08T23:41:29.720-0700	[A] zhaoyu: BackupETCD success (62.858152ms)
2024-07-08T23:41:29.720-0700	[A] Remote: GenerateBackupETCDService
2024-07-08T23:41:29.738-0700	scp local file /project/pkg/zhaoyu/backup-etcd.service to remote /tmp/kubekey/etc/systemd/system/backup-etcd.service success
2024-07-08T23:41:29.761-0700	[A] zhaoyu: GenerateBackupETCDService success (41.145794ms)
2024-07-08T23:41:29.761-0700	[A] Remote: GenerateBackupETCDTimer
2024-07-08T23:41:29.779-0700	scp local file /project/pkg/zhaoyu/backup-etcd.timer to remote /tmp/kubekey/etc/systemd/system/backup-etcd.timer success
2024-07-08T23:41:29.801-0700	[A] zhaoyu: GenerateBackupETCDTimer success (40.361159ms)
2024-07-08T23:41:29.801-0700	[A] Remote: EnableBackupETCDService
2024-07-08T23:41:29.973-0700	[A] zhaoyu: EnableBackupETCDService success (171.743007ms)
2024-07-08T23:41:29.973-0700	[Module] InstallKubeBinariesModule
2024-07-08T23:41:29.973-0700	[A] Remote: SyncKubeBinary(k3s)
2024-07-08T23:41:29.982-0700	SyncKubeBinary cp k3s from /project/pkg/kube/v1.22.16/amd64/k3s to /usr/local/bin/k3s

2024-07-08T23:41:30.296-0700	scp local file /project/pkg/kube/v1.22.16/amd64/k3s to remote /tmp/kubekey/usr/local/bin/k3s success
2024-07-08T23:41:30.327-0700	SyncKubeBinary cp helm from /project/pkg/helm/v3.9.0/amd64/helm to /usr/local/bin/helm

2024-07-08T23:41:30.428-0700	scp local file /project/pkg/helm/v3.9.0/amd64/helm to remote /tmp/kubekey/usr/local/bin/helm success
2024-07-08T23:41:30.473-0700	SyncKubeBinary cp kubecni from /project/pkg/cni/v0.9.1/amd64/cni-plugins-linux-amd64-v0.9.1.tgz to /tmp/kubekey/cni-plugins-linux-amd64-v0.9.1.tgz

2024-07-08T23:41:30.707-0700	scp local file /project/pkg/cni/v0.9.1/amd64/cni-plugins-linux-amd64-v0.9.1.tgz to remote /tmp/kubekey/cni-plugins-linux-amd64-v0.9.1.tgz success
2024-07-08T23:41:31.164-0700	[A] zhaoyu: SyncKubeBinary(k3s) success (1.191026684s)
2024-07-08T23:41:31.164-0700	[A] Remote: GenerateK3sKillAllScript
2024-07-08T23:41:31.183-0700	scp local file /project/pkg/zhaoyu/k3s-killall.sh to remote /tmp/kubekey/usr/local/bin/k3s-killall.sh success
2024-07-08T23:41:31.209-0700	[A] zhaoyu: GenerateK3sKillAllScript success (44.382044ms)
2024-07-08T23:41:31.209-0700	[A] Remote: GenerateK3sUninstallScript
2024-07-08T23:41:31.227-0700	scp local file /project/pkg/zhaoyu/k3s-uninstall.sh to remote /tmp/kubekey/usr/local/bin/k3s-uninstall.sh success
2024-07-08T23:41:31.249-0700	[A] zhaoyu: GenerateK3sUninstallScript success (40.329515ms)
2024-07-08T23:41:31.249-0700	[A] Remote: ChmodScript(k3s)
2024-07-08T23:41:31.263-0700	[A] zhaoyu: ChmodScript(k3s) success (14.249727ms)
2024-07-08T23:41:31.263-0700	[Module] K3sInitClusterModule
2024-07-08T23:41:31.263-0700	[A] Remote: GenerateK3sService
2024-07-08T23:41:31.267-0700	pauseTag: 3.5, corednsTag: 1.8.0
2024-07-08T23:41:31.286-0700	scp local file /project/pkg/zhaoyu/k3s.service to remote /tmp/kubekey/etc/systemd/system/k3s.service success
2024-07-08T23:41:31.326-0700	scp local file /project/pkg/zhaoyu/kubelet.config to remote /tmp/kubekey/etc/rancher/k3s/kubelet.config success
2024-07-08T23:41:31.349-0700	[A] zhaoyu: GenerateK3sService success (86.017371ms)
2024-07-08T23:41:31.349-0700	[A] Remote: GenerateK3sServiceEnv
2024-07-08T23:41:31.368-0700	scp local file /project/pkg/zhaoyu/k3s.service.env to remote /tmp/kubekey/etc/systemd/system/k3s.service.env success
2024-07-08T23:41:31.389-0700	[A] zhaoyu: GenerateK3sServiceEnv success (40.000073ms)
2024-07-08T23:41:31.389-0700	[A] Remote: GenerateK3sRegistryConfig
2024-07-08T23:41:31.409-0700	scp local file /project/pkg/zhaoyu/registries.yaml to remote /tmp/kubekey/etc/rancher/k3s/registries.yaml success
2024-07-08T23:41:31.431-0700	[A] zhaoyu: GenerateK3sRegistryConfig success (41.592597ms)
2024-07-08T23:41:31.431-0700	[A] Remote: EnableK3sService
2024-07-08T23:41:35.962-0700	[A] zhaoyu: EnableK3sService success (4.531059841s)
2024-07-08T23:41:35.962-0700	[A] Remote: PreloadImagesService
2024-07-08T23:41:35.962-0700	[A] zhaoyu: PreloadImagesService success (99.639µs)
2024-07-08T23:41:35.962-0700	[A] Remote: CopyKubeConfig
2024-07-08T23:41:36.004-0700	[A] zhaoyu: CopyKubeConfig success (41.974125ms)
2024-07-08T23:41:36.004-0700	[A] zhaoyu: AddMasterTaint(k3s) skipped (31.194µs)
2024-07-08T23:41:36.004-0700	[A] Remote: AddWorkerLabel
2024-07-08T23:41:36.272-0700	[exec] zhaoyu CMD: sudo -E /bin/bash -c "/usr/local/bin/kubectl label --overwrite node zhaoyu node-role.kubernetes.io/worker=", ERROR: Failed to exec command: sudo -E /bin/bash -c "/usr/local/bin/kubectl label --overwrite node zhaoyu node-role.kubernetes.io/worker=" 
Error from server (NotFound): nodes "zhaoyu" not found: Process exited with status 1
2024-07-08T23:41:36.272-0700	zhaoyu add master NoSchedule taint failed: Failed to exec command: sudo -E /bin/bash -c "/usr/local/bin/kubectl label --overwrite node zhaoyu node-role.kubernetes.io/worker=" 
Error from server (NotFound): nodes "zhaoyu" not found: Process exited with status 1
AddWorkerLabel successed: node/zhaoyu labeled
2024-07-08T23:41:46.442-0700	[A] zhaoyu: AddWorkerLabel success (10.437338164s)
2024-07-08T23:41:46.442-0700	[Module] StatusModule
2024-07-08T23:41:46.442-0700	[A] Remote: GetClusterStatus(k3s)
2024-07-08T23:41:46.452-0700	check remote file exist: true
2024-07-08T23:41:46.457-0700	[exec] zhaoyu CMD: k3s --version | grep 'k3s' | awk '{print $3}', OUTPUT: 
v1.22.16+k3s1
2024-07-08T23:41:46.472-0700	[exec] zhaoyu CMD: sudo -E /bin/bash -c "cat /var/lib/rancher/k3s/server/node-token", OUTPUT: 
K10b9080e9d78ba52f9de4dca91611ad9db3598b66a0711c5259931d1018be0a9bf::server:2b855e9bb89ac1745f507b7294fa56bf
2024-07-08T23:41:46.613-0700	[exec] zhaoyu CMD: sudo -E /bin/bash -c "/usr/local/bin/kubectl --no-headers=true get nodes -o custom-columns=:metadata.name,:status.nodeInfo.kubeletVersion,:status.addresses", OUTPUT: 
zhaoyu   v1.22.16+k3s1   [map[address:192.168.50.187 type:InternalIP] map[address:zhaoyu type:Hostname]]
2024-07-08T23:41:46.614-0700	[A] zhaoyu: GetClusterStatus(k3s) success (171.851546ms)
2024-07-08T23:41:46.614-0700	[Module] K3sJoinNodesModule
2024-07-08T23:41:46.614-0700	[A] zhaoyu: GenerateK3sService skipped (24.137µs)
2024-07-08T23:41:46.614-0700	[A] zhaoyu: GenerateK3sServiceEnv skipped (8.571µs)
2024-07-08T23:41:46.614-0700	[A] zhaoyu: GenerateK3sRegistryConfig skipped (9.621µs)
2024-07-08T23:41:46.614-0700	[A] zhaoyu: EnableK3sService skipped (6.724µs)
2024-07-08T23:41:46.614-0700	[A] Remote: PreloadImagesService
2024-07-08T23:41:46.614-0700	[A] zhaoyu: PreloadImagesService success (26.72µs)
2024-07-08T23:41:46.614-0700	[A] zhaoyu: CopyKubeConfig skipped (9.344µs)
2024-07-08T23:41:46.614-0700	[A] zhaoyu: SyncKubeConfigToWorker(k3s) skipped (12.37µs)
2024-07-08T23:41:46.614-0700	[A] zhaoyu: AddMasterTaint(k3s) skipped (46.217µs)
2024-07-08T23:41:46.614-0700	[A] zhaoyu: AddWorkerLabel skipped (7.788µs)
2024-07-08T23:41:46.614-0700	pauseTag: 3.5, corednsTag: 1.8.0
2024-07-08T23:41:46.614-0700	pauseTag: 3.5, corednsTag: 1.8.0
2024-07-08T23:41:46.614-0700	pauseTag: 3.5, corednsTag: 1.8.0
2024-07-08T23:41:46.614-0700	pauseTag: 3.5, corednsTag: 1.8.0
2024-07-08T23:41:46.614-0700	pauseTag: 3.5, corednsTag: 1.8.0
2024-07-08T23:41:46.614-0700	pauseTag: 3.5, corednsTag: 1.8.0
2024-07-08T23:41:46.614-0700	pauseTag: 3.5, corednsTag: 1.8.0
2024-07-08T23:41:46.614-0700	pauseTag: 3.5, corednsTag: 1.8.0
2024-07-08T23:41:46.614-0700	pauseTag: 3.5, corednsTag: 1.8.0
2024-07-08T23:41:46.614-0700	[Module] DeployNetworkPluginModule
2024-07-08T23:41:46.614-0700	[A] Remote: GenerateCalico
2024-07-08T23:41:46.636-0700	scp local file /project/pkg/zhaoyu/network-plugin.yaml to remote /tmp/kubekey/etc/kubernetes/network-plugin.yaml success
2024-07-08T23:41:46.659-0700	[A] zhaoyu: GenerateCalico success (44.866091ms)
2024-07-08T23:41:46.659-0700	[A] Remote: DeployCalico
2024-07-08T23:41:47.321-0700	[exec] zhaoyu CMD: sudo -E /bin/bash -c "/usr/local/bin/kubectl apply -f /etc/kubernetes/network-plugin.yaml --force", OUTPUT: 
configmap/calico-config created
customresourcedefinition.apiextensions.k8s.io/bgpconfigurations.crd.projectcalico.org created
customresourcedefinition.apiextensions.k8s.io/bgppeers.crd.projectcalico.org created
customresourcedefinition.apiextensions.k8s.io/blockaffinities.crd.projectcalico.org created
customresourcedefinition.apiextensions.k8s.io/caliconodestatuses.crd.projectcalico.org created
customresourcedefinition.apiextensions.k8s.io/clusterinformations.crd.projectcalico.org created
customresourcedefinition.apiextensions.k8s.io/felixconfigurations.crd.projectcalico.org created
customresourcedefinition.apiextensions.k8s.io/globalnetworkpolicies.crd.projectcalico.org created
customresourcedefinition.apiextensions.k8s.io/globalnetworksets.crd.projectcalico.org created
customresourcedefinition.apiextensions.k8s.io/hostendpoints.crd.projectcalico.org created
customresourcedefinition.apiextensions.k8s.io/ipamblocks.crd.projectcalico.org created
customresourcedefinition.apiextensions.k8s.io/ipamconfigs.crd.projectcalico.org created
customresourcedefinition.apiextensions.k8s.io/ipamhandles.crd.projectcalico.org created
customresourcedefinition.apiextensions.k8s.io/ippools.crd.projectcalico.org created
customresourcedefinition.apiextensions.k8s.io/ipreservations.crd.projectcalico.org created
customresourcedefinition.apiextensions.k8s.io/kubecontrollersconfigurations.crd.projectcalico.org created
customresourcedefinition.apiextensions.k8s.io/networkpolicies.crd.projectcalico.org created
customresourcedefinition.apiextensions.k8s.io/networksets.crd.projectcalico.org created
clusterrole.rbac.authorization.k8s.io/calico-kube-controllers created
clusterrolebinding.rbac.authorization.k8s.io/calico-kube-controllers created
clusterrole.rbac.authorization.k8s.io/calico-node created
clusterrolebinding.rbac.authorization.k8s.io/calico-node created
daemonset.apps/calico-node created
serviceaccount/calico-node created
deployment.apps/calico-kube-controllers created
serviceaccount/calico-kube-controllers created
poddisruptionbudget.policy/calico-kube-controllers created
2024-07-08T23:41:47.321-0700	[A] zhaoyu: DeployCalico success (661.944342ms)
2024-07-08T23:41:47.322-0700	[Module] ConfigureKubernetesModule
2024-07-08T23:41:47.322-0700	[A] Remote: ConfigureKubernetes
2024-07-08T23:41:47.322-0700	[A] zhaoyu: ConfigureKubernetes success (26.255µs)
2024-07-08T23:41:47.322-0700	[Module] ChownModule
2024-07-08T23:41:47.322-0700	[A] Remote: ChownFileAndDir
2024-07-08T23:41:47.331-0700	check remote file exist: true
2024-07-08T23:41:47.344-0700	[A] zhaoyu: ChownFileAndDir success (21.510701ms)
2024-07-08T23:41:47.344-0700	[Module] AutoRenewCertsModule
2024-07-08T23:41:47.344-0700	[A] Remote: GenerateK8sCertsRenewScript
2024-07-08T23:41:47.361-0700	scp local file /project/pkg/zhaoyu/k8s-certs-renew.sh to remote /tmp/kubekey/usr/local/bin/kube-scripts/k8s-certs-renew.sh success
2024-07-08T23:41:47.382-0700	[A] zhaoyu: GenerateK8sCertsRenewScript success (38.531706ms)
2024-07-08T23:41:47.382-0700	[A] Remote: GenerateK8sCertsRenewService
2024-07-08T23:41:47.416-0700	scp local file /project/pkg/zhaoyu/k8s-certs-renew.service to remote /tmp/kubekey/etc/systemd/system/k8s-certs-renew.service success
2024-07-08T23:41:47.440-0700	[A] zhaoyu: GenerateK8sCertsRenewService success (58.041528ms)
2024-07-08T23:41:47.440-0700	[A] Remote: GenerateK8sCertsRenewTimer
2024-07-08T23:41:47.458-0700	scp local file /project/pkg/zhaoyu/k8s-certs-renew.timer to remote /tmp/kubekey/etc/systemd/system/k8s-certs-renew.timer success
2024-07-08T23:41:47.480-0700	[A] zhaoyu: GenerateK8sCertsRenewTimer success (39.111271ms)
2024-07-08T23:41:47.480-0700	[A] Remote: EnableK8sCertsRenewService
2024-07-08T23:41:47.636-0700	[A] zhaoyu: EnableK8sCertsRenewService success (156.880457ms)
2024-07-08T23:41:47.636-0700	[Module] SaveKubeConfigModule
2024-07-08T23:41:47.636-0700	[A] LocalHost: SaveKubeConfig(k3s)
2024-07-08T23:41:47.649-0700	[A] LocalHost: SaveKubeConfig(k3s) success (12.240927ms)
2024-07-08T23:41:47.649-0700	[Module] AddonsModule
2024-07-08T23:41:47.649-0700	[A] LocalHost: InstallAddons
2024-07-08T23:41:47.649-0700	[A] LocalHost: InstallAddons success (34.714µs)
2024-07-08T23:41:47.649-0700	pauseTag: 3.5, corednsTag: 1.8.0
2024-07-08T23:41:47.649-0700	pauseTag: 3.5, corednsTag: 1.8.0
2024-07-08T23:41:47.649-0700	[Module] DeployStorageClassModule
2024-07-08T23:41:47.792-0700	[A] Remote: GenerateOpenEBSManifest
2024-07-08T23:41:47.811-0700	scp local file /project/pkg/zhaoyu/local-volume.yaml to remote /tmp/kubekey/etc/kubernetes/addons/local-volume.yaml success
2024-07-08T23:41:47.831-0700	[A] zhaoyu: GenerateOpenEBSManifest success (182.453892ms)
2024-07-08T23:41:47.973-0700	[A] Remote: DeployOpenEBS
2024-07-08T23:41:48.557-0700	[A] zhaoyu: DeployOpenEBS success (725.691337ms)
2024-07-08T23:41:48.557-0700	[Module] DeployKubeSphereModule
2024-07-08T23:41:48.557-0700	[A] Remote: GenerateKsInstallerCRD
2024-07-08T23:41:48.576-0700	scp local file /project/pkg/zhaoyu/kubesphere.yaml to remote /tmp/kubekey/etc/kubernetes/addons/kubesphere.yaml success
2024-07-08T23:41:48.598-0700	[A] zhaoyu: GenerateKsInstallerCRD success (40.479526ms)
2024-07-08T23:41:48.598-0700	[A] Remote: ApplyKsInstaller
2024-07-08T23:41:48.819-0700	[exec] zhaoyu CMD: sudo -E /bin/bash -c "/usr/local/bin/kubectl apply -f /etc/kubernetes/addons/kubesphere.yaml --force", OUTPUT: 
namespace/kubesphere-system created
serviceaccount/ks-installer created
customresourcedefinition.apiextensions.k8s.io/clusterconfigurations.installer.kubesphere.io created
clusterrole.rbac.authorization.k8s.io/ks-installer created
clusterrolebinding.rbac.authorization.k8s.io/ks-installer created
deployment.apps/ks-installer created
2024-07-08T23:41:48.819-0700	[A] zhaoyu: ApplyKsInstaller success (221.16599ms)
2024-07-08T23:41:48.819-0700	[A] Remote: AddKsInstallerConfig
2024-07-08T23:41:48.828-0700	[A] zhaoyu: AddKsInstallerConfig success (8.970572ms)
2024-07-08T23:41:48.828-0700	[A] Remote: CreateKubeSphereNamespace
2024-07-08T23:41:49.022-0700	[exec] zhaoyu CMD: sudo -E /bin/bash -c "cat <<EOF | /usr/local/bin/kubectl apply -f -
apiVersion: v1
kind: Namespace
metadata:
  name: kubesphere-system
---
apiVersion: v1
kind: Namespace
metadata:
  name: kubesphere-monitoring-system
EOF
", OUTPUT: 
namespace/kubesphere-system unchanged
namespace/kubesphere-monitoring-system created
2024-07-08T23:41:49.022-0700	[A] zhaoyu: CreateKubeSphereNamespace success (194.269852ms)
2024-07-08T23:41:49.022-0700	[A] Remote: SetupKsInstallerConfig
2024-07-08T23:41:49.159-0700	[exec] zhaoyu CMD: sudo -E /bin/bash -c "/usr/local/bin/kubectl -n kubesphere-monitoring-system create secret generic kube-etcd-client-certs --from-file=etcd-client-ca.crt=/etc/ssl/etcd/ssl/ca.pem --from-file=etcd-client.crt=/etc/ssl/etcd/ssl/node-zhaoyu.pem --from-file=etcd-client.key=/etc/ssl/etcd/ssl/node-zhaoyu-key.pem", OUTPUT: 
secret/kube-etcd-client-certs created
2024-07-08T23:41:49.198-0700	[A] zhaoyu: SetupKsInstallerConfig success (175.477899ms)
2024-07-08T23:41:49.198-0700	[A] Remote: ApplyKsInstaller
2024-07-08T23:41:51.963-0700	[exec] zhaoyu CMD: sudo -E /bin/bash -c "/usr/local/bin/kubectl apply -f /etc/kubernetes/addons/kubesphere.yaml --force", OUTPUT: 
namespace/kubesphere-system unchanged
serviceaccount/ks-installer unchanged
customresourcedefinition.apiextensions.k8s.io/clusterconfigurations.installer.kubesphere.io unchanged
clusterrole.rbac.authorization.k8s.io/ks-installer unchanged
clusterrolebinding.rbac.authorization.k8s.io/ks-installer unchanged
deployment.apps/ks-installer unchanged
clusterconfiguration.installer.kubesphere.io/ks-installer created
2024-07-08T23:41:51.963-0700	[A] zhaoyu: ApplyKsInstaller success (2.765100408s)
2024-07-08T23:41:51.963-0700	[Module] CheckResultModule
2024-07-08T23:41:51.963-0700	[A] Remote: CheckKsInstallerResult
2024-07-08T23:41:57.285-0700	[exec] zhaoyu CMD: sudo -E /bin/bash -c "/usr/local/bin/kubectl exec -n kubesphere-system $(kubectl get pod -n kubesphere-system -l app=ks-installer -o jsonpath='{.items[0].metadata.name}') -- ls /kubesphere/playbooks/kubesphere_running", ERROR: Failed to exec command: sudo -E /bin/bash -c "/usr/local/bin/kubectl exec -n kubesphere-system $(kubectl get pod -n kubesphere-system -l app=ks-installer -o jsonpath='{.items[0].metadata.name}') -- ls /kubesphere/playbooks/kubesphere_running" 
Error from server (BadRequest): pod ks-installer-7c978cbb64-ftsbl does not have a host assigned: Process exited with status 1
2024-07-08T23:42:02.585-0700	[exec] zhaoyu CMD: sudo -E /bin/bash -c "/usr/local/bin/kubectl exec -n kubesphere-system $(kubectl get pod -n kubesphere-system -l app=ks-installer -o jsonpath='{.items[0].metadata.name}') -- ls /kubesphere/playbooks/kubesphere_running", ERROR: Failed to exec command: sudo -E /bin/bash -c "/usr/local/bin/kubectl exec -n kubesphere-system $(kubectl get pod -n kubesphere-system -l app=ks-installer -o jsonpath='{.items[0].metadata.name}') -- ls /kubesphere/playbooks/kubesphere_running" 
Error from server (BadRequest): pod ks-installer-7c978cbb64-ftsbl does not have a host assigned: Process exited with status 1
2024-07-08T23:42:07.891-0700	[exec] zhaoyu CMD: sudo -E /bin/bash -c "/usr/local/bin/kubectl exec -n kubesphere-system $(kubectl get pod -n kubesphere-system -l app=ks-installer -o jsonpath='{.items[0].metadata.name}') -- ls /kubesphere/playbooks/kubesphere_running", ERROR: Failed to exec command: sudo -E /bin/bash -c "/usr/local/bin/kubectl exec -n kubesphere-system $(kubectl get pod -n kubesphere-system -l app=ks-installer -o jsonpath='{.items[0].metadata.name}') -- ls /kubesphere/playbooks/kubesphere_running" 
Error from server (BadRequest): pod ks-installer-7c978cbb64-ftsbl does not have a host assigned: Process exited with status 1
2024-07-08T23:42:13.185-0700	[exec] zhaoyu CMD: sudo -E /bin/bash -c "/usr/local/bin/kubectl exec -n kubesphere-system $(kubectl get pod -n kubesphere-system -l app=ks-installer -o jsonpath='{.items[0].metadata.name}') -- ls /kubesphere/playbooks/kubesphere_running", ERROR: Failed to exec command: sudo -E /bin/bash -c "/usr/local/bin/kubectl exec -n kubesphere-system $(kubectl get pod -n kubesphere-system -l app=ks-installer -o jsonpath='{.items[0].metadata.name}') -- ls /kubesphere/playbooks/kubesphere_running" 
Error from server (BadRequest): pod ks-installer-7c978cbb64-ftsbl does not have a host assigned: Process exited with status 1
2024-07-08T23:42:18.484-0700	[exec] zhaoyu CMD: sudo -E /bin/bash -c "/usr/local/bin/kubectl exec -n kubesphere-system $(kubectl get pod -n kubesphere-system -l app=ks-installer -o jsonpath='{.items[0].metadata.name}') -- ls /kubesphere/playbooks/kubesphere_running", ERROR: Failed to exec command: sudo -E /bin/bash -c "/usr/local/bin/kubectl exec -n kubesphere-system $(kubectl get pod -n kubesphere-system -l app=ks-installer -o jsonpath='{.items[0].metadata.name}') -- ls /kubesphere/playbooks/kubesphere_running" 
Error from server (BadRequest): pod ks-installer-7c978cbb64-ftsbl does not have a host assigned: Process exited with status 1
2024-07-08T23:42:23.789-0700	[exec] zhaoyu CMD: sudo -E /bin/bash -c "/usr/local/bin/kubectl exec -n kubesphere-system $(kubectl get pod -n kubesphere-system -l app=ks-installer -o jsonpath='{.items[0].metadata.name}') -- ls /kubesphere/playbooks/kubesphere_running", ERROR: Failed to exec command: sudo -E /bin/bash -c "/usr/local/bin/kubectl exec -n kubesphere-system $(kubectl get pod -n kubesphere-system -l app=ks-installer -o jsonpath='{.items[0].metadata.name}') -- ls /kubesphere/playbooks/kubesphere_running" 
Error from server (BadRequest): pod ks-installer-7c978cbb64-ftsbl does not have a host assigned: Process exited with status 1
2024-07-08T23:42:29.096-0700	[exec] zhaoyu CMD: sudo -E /bin/bash -c "/usr/local/bin/kubectl exec -n kubesphere-system $(kubectl get pod -n kubesphere-system -l app=ks-installer -o jsonpath='{.items[0].metadata.name}') -- ls /kubesphere/playbooks/kubesphere_running", ERROR: Failed to exec command: sudo -E /bin/bash -c "/usr/local/bin/kubectl exec -n kubesphere-system $(kubectl get pod -n kubesphere-system -l app=ks-installer -o jsonpath='{.items[0].metadata.name}') -- ls /kubesphere/playbooks/kubesphere_running" 
Error from server (BadRequest): pod ks-installer-7c978cbb64-ftsbl does not have a host assigned: Process exited with status 1
2024-07-08T23:42:34.400-0700	[exec] zhaoyu CMD: sudo -E /bin/bash -c "/usr/local/bin/kubectl exec -n kubesphere-system $(kubectl get pod -n kubesphere-system -l app=ks-installer -o jsonpath='{.items[0].metadata.name}') -- ls /kubesphere/playbooks/kubesphere_running", ERROR: Failed to exec command: sudo -E /bin/bash -c "/usr/local/bin/kubectl exec -n kubesphere-system $(kubectl get pod -n kubesphere-system -l app=ks-installer -o jsonpath='{.items[0].metadata.name}') -- ls /kubesphere/playbooks/kubesphere_running" 
Error from server (BadRequest): pod ks-installer-7c978cbb64-ftsbl does not have a host assigned: Process exited with status 1
2024-07-08T23:42:39.706-0700	[exec] zhaoyu CMD: sudo -E /bin/bash -c "/usr/local/bin/kubectl exec -n kubesphere-system $(kubectl get pod -n kubesphere-system -l app=ks-installer -o jsonpath='{.items[0].metadata.name}') -- ls /kubesphere/playbooks/kubesphere_running", ERROR: Failed to exec command: sudo -E /bin/bash -c "/usr/local/bin/kubectl exec -n kubesphere-system $(kubectl get pod -n kubesphere-system -l app=ks-installer -o jsonpath='{.items[0].metadata.name}') -- ls /kubesphere/playbooks/kubesphere_running" 
Error from server (BadRequest): pod ks-installer-7c978cbb64-ftsbl does not have a host assigned: Process exited with status 1
2024-07-08T23:42:45.035-0700	[exec] zhaoyu CMD: sudo -E /bin/bash -c "/usr/local/bin/kubectl exec -n kubesphere-system $(kubectl get pod -n kubesphere-system -l app=ks-installer -o jsonpath='{.items[0].metadata.name}') -- ls /kubesphere/playbooks/kubesphere_running", ERROR: Failed to exec command: sudo -E /bin/bash -c "/usr/local/bin/kubectl exec -n kubesphere-system $(kubectl get pod -n kubesphere-system -l app=ks-installer -o jsonpath='{.items[0].metadata.name}') -- ls /kubesphere/playbooks/kubesphere_running" 
Error from server (BadRequest): pod ks-installer-7c978cbb64-ftsbl does not have a host assigned: Process exited with status 1
2024-07-08T23:42:50.332-0700	[exec] zhaoyu CMD: sudo -E /bin/bash -c "/usr/local/bin/kubectl exec -n kubesphere-system $(kubectl get pod -n kubesphere-system -l app=ks-installer -o jsonpath='{.items[0].metadata.name}') -- ls /kubesphere/playbooks/kubesphere_running", ERROR: Failed to exec command: sudo -E /bin/bash -c "/usr/local/bin/kubectl exec -n kubesphere-system $(kubectl get pod -n kubesphere-system -l app=ks-installer -o jsonpath='{.items[0].metadata.name}') -- ls /kubesphere/playbooks/kubesphere_running" 
Error from server (BadRequest): pod ks-installer-7c978cbb64-ftsbl does not have a host assigned: Process exited with status 1
2024-07-08T23:42:55.632-0700	[exec] zhaoyu CMD: sudo -E /bin/bash -c "/usr/local/bin/kubectl exec -n kubesphere-system $(kubectl get pod -n kubesphere-system -l app=ks-installer -o jsonpath='{.items[0].metadata.name}') -- ls /kubesphere/playbooks/kubesphere_running", ERROR: Failed to exec command: sudo -E /bin/bash -c "/usr/local/bin/kubectl exec -n kubesphere-system $(kubectl get pod -n kubesphere-system -l app=ks-installer -o jsonpath='{.items[0].metadata.name}') -- ls /kubesphere/playbooks/kubesphere_running" 
Error from server (BadRequest): pod ks-installer-7c978cbb64-ftsbl does not have a host assigned: Process exited with status 1
2024-07-08T23:43:00.933-0700	[exec] zhaoyu CMD: sudo -E /bin/bash -c "/usr/local/bin/kubectl exec -n kubesphere-system $(kubectl get pod -n kubesphere-system -l app=ks-installer -o jsonpath='{.items[0].metadata.name}') -- ls /kubesphere/playbooks/kubesphere_running", ERROR: Failed to exec command: sudo -E /bin/bash -c "/usr/local/bin/kubectl exec -n kubesphere-system $(kubectl get pod -n kubesphere-system -l app=ks-installer -o jsonpath='{.items[0].metadata.name}') -- ls /kubesphere/playbooks/kubesphere_running" 
Error from server (BadRequest): pod ks-installer-7c978cbb64-ftsbl does not have a host assigned: Process exited with status 1
2024-07-08T23:43:06.250-0700	[exec] zhaoyu CMD: sudo -E /bin/bash -c "/usr/local/bin/kubectl exec -n kubesphere-system $(kubectl get pod -n kubesphere-system -l app=ks-installer -o jsonpath='{.items[0].metadata.name}') -- ls /kubesphere/playbooks/kubesphere_running", ERROR: Failed to exec command: sudo -E /bin/bash -c "/usr/local/bin/kubectl exec -n kubesphere-system $(kubectl get pod -n kubesphere-system -l app=ks-installer -o jsonpath='{.items[0].metadata.name}') -- ls /kubesphere/playbooks/kubesphere_running" 
error: unable to upgrade connection: container not found ("installer"): Process exited with status 1
2024-07-08T23:43:11.549-0700	[exec] zhaoyu CMD: sudo -E /bin/bash -c "/usr/local/bin/kubectl exec -n kubesphere-system $(kubectl get pod -n kubesphere-system -l app=ks-installer -o jsonpath='{.items[0].metadata.name}') -- ls /kubesphere/playbooks/kubesphere_running", ERROR: Failed to exec command: sudo -E /bin/bash -c "/usr/local/bin/kubectl exec -n kubesphere-system $(kubectl get pod -n kubesphere-system -l app=ks-installer -o jsonpath='{.items[0].metadata.name}') -- ls /kubesphere/playbooks/kubesphere_running" 
error: unable to upgrade connection: container not found ("installer"): Process exited with status 1
2024-07-08T23:43:16.845-0700	[exec] zhaoyu CMD: sudo -E /bin/bash -c "/usr/local/bin/kubectl exec -n kubesphere-system $(kubectl get pod -n kubesphere-system -l app=ks-installer -o jsonpath='{.items[0].metadata.name}') -- ls /kubesphere/playbooks/kubesphere_running", ERROR: Failed to exec command: sudo -E /bin/bash -c "/usr/local/bin/kubectl exec -n kubesphere-system $(kubectl get pod -n kubesphere-system -l app=ks-installer -o jsonpath='{.items[0].metadata.name}') -- ls /kubesphere/playbooks/kubesphere_running" 
error: unable to upgrade connection: container not found ("installer"): Process exited with status 1
2024-07-08T23:43:22.152-0700	[exec] zhaoyu CMD: sudo -E /bin/bash -c "/usr/local/bin/kubectl exec -n kubesphere-system $(kubectl get pod -n kubesphere-system -l app=ks-installer -o jsonpath='{.items[0].metadata.name}') -- ls /kubesphere/playbooks/kubesphere_running", ERROR: Failed to exec command: sudo -E /bin/bash -c "/usr/local/bin/kubectl exec -n kubesphere-system $(kubectl get pod -n kubesphere-system -l app=ks-installer -o jsonpath='{.items[0].metadata.name}') -- ls /kubesphere/playbooks/kubesphere_running" 
error: unable to upgrade connection: container not found ("installer"): Process exited with status 1
2024-07-08T23:43:27.466-0700	[exec] zhaoyu CMD: sudo -E /bin/bash -c "/usr/local/bin/kubectl exec -n kubesphere-system $(kubectl get pod -n kubesphere-system -l app=ks-installer -o jsonpath='{.items[0].metadata.name}') -- ls /kubesphere/playbooks/kubesphere_running", ERROR: Failed to exec command: sudo -E /bin/bash -c "/usr/local/bin/kubectl exec -n kubesphere-system $(kubectl get pod -n kubesphere-system -l app=ks-installer -o jsonpath='{.items[0].metadata.name}') -- ls /kubesphere/playbooks/kubesphere_running" 
error: unable to upgrade connection: container not found ("installer"): Process exited with status 1
2024-07-08T23:43:32.783-0700	[exec] zhaoyu CMD: sudo -E /bin/bash -c "/usr/local/bin/kubectl exec -n kubesphere-system $(kubectl get pod -n kubesphere-system -l app=ks-installer -o jsonpath='{.items[0].metadata.name}') -- ls /kubesphere/playbooks/kubesphere_running", ERROR: Failed to exec command: sudo -E /bin/bash -c "/usr/local/bin/kubectl exec -n kubesphere-system $(kubectl get pod -n kubesphere-system -l app=ks-installer -o jsonpath='{.items[0].metadata.name}') -- ls /kubesphere/playbooks/kubesphere_running" 
error: unable to upgrade connection: container not found ("installer"): Process exited with status 1
2024-07-08T23:43:38.074-0700	[exec] zhaoyu CMD: sudo -E /bin/bash -c "/usr/local/bin/kubectl exec -n kubesphere-system $(kubectl get pod -n kubesphere-system -l app=ks-installer -o jsonpath='{.items[0].metadata.name}') -- ls /kubesphere/playbooks/kubesphere_running", ERROR: Failed to exec command: sudo -E /bin/bash -c "/usr/local/bin/kubectl exec -n kubesphere-system $(kubectl get pod -n kubesphere-system -l app=ks-installer -o jsonpath='{.items[0].metadata.name}') -- ls /kubesphere/playbooks/kubesphere_running" 
error: unable to upgrade connection: container not found ("installer"): Process exited with status 1
2024-07-08T23:43:43.465-0700	[exec] zhaoyu CMD: sudo -E /bin/bash -c "/usr/local/bin/kubectl exec -n kubesphere-system $(kubectl get pod -n kubesphere-system -l app=ks-installer -o jsonpath='{.items[0].metadata.name}') -- ls /kubesphere/playbooks/kubesphere_running", ERROR: Failed to exec command: sudo -E /bin/bash -c "/usr/local/bin/kubectl exec -n kubesphere-system $(kubectl get pod -n kubesphere-system -l app=ks-installer -o jsonpath='{.items[0].metadata.name}') -- ls /kubesphere/playbooks/kubesphere_running" 
error: unable to upgrade connection: container not found ("installer"): Process exited with status 1
2024-07-08T23:43:48.752-0700	[exec] zhaoyu CMD: sudo -E /bin/bash -c "/usr/local/bin/kubectl exec -n kubesphere-system $(kubectl get pod -n kubesphere-system -l app=ks-installer -o jsonpath='{.items[0].metadata.name}') -- ls /kubesphere/playbooks/kubesphere_running", ERROR: Failed to exec command: sudo -E /bin/bash -c "/usr/local/bin/kubectl exec -n kubesphere-system $(kubectl get pod -n kubesphere-system -l app=ks-installer -o jsonpath='{.items[0].metadata.name}') -- ls /kubesphere/playbooks/kubesphere_running" 
error: unable to upgrade connection: container not found ("installer"): Process exited with status 1
2024-07-08T23:43:54.055-0700	[exec] zhaoyu CMD: sudo -E /bin/bash -c "/usr/local/bin/kubectl exec -n kubesphere-system $(kubectl get pod -n kubesphere-system -l app=ks-installer -o jsonpath='{.items[0].metadata.name}') -- ls /kubesphere/playbooks/kubesphere_running", ERROR: Failed to exec command: sudo -E /bin/bash -c "/usr/local/bin/kubectl exec -n kubesphere-system $(kubectl get pod -n kubesphere-system -l app=ks-installer -o jsonpath='{.items[0].metadata.name}') -- ls /kubesphere/playbooks/kubesphere_running" 
error: unable to upgrade connection: container not found ("installer"): Process exited with status 1
2024-07-08T23:43:59.353-0700	[exec] zhaoyu CMD: sudo -E /bin/bash -c "/usr/local/bin/kubectl exec -n kubesphere-system $(kubectl get pod -n kubesphere-system -l app=ks-installer -o jsonpath='{.items[0].metadata.name}') -- ls /kubesphere/playbooks/kubesphere_running", ERROR: Failed to exec command: sudo -E /bin/bash -c "/usr/local/bin/kubectl exec -n kubesphere-system $(kubectl get pod -n kubesphere-system -l app=ks-installer -o jsonpath='{.items[0].metadata.name}') -- ls /kubesphere/playbooks/kubesphere_running" 
error: unable to upgrade connection: container not found ("installer"): Process exited with status 1
2024-07-08T23:44:04.657-0700	[exec] zhaoyu CMD: sudo -E /bin/bash -c "/usr/local/bin/kubectl exec -n kubesphere-system $(kubectl get pod -n kubesphere-system -l app=ks-installer -o jsonpath='{.items[0].metadata.name}') -- ls /kubesphere/playbooks/kubesphere_running", ERROR: Failed to exec command: sudo -E /bin/bash -c "/usr/local/bin/kubectl exec -n kubesphere-system $(kubectl get pod -n kubesphere-system -l app=ks-installer -o jsonpath='{.items[0].metadata.name}') -- ls /kubesphere/playbooks/kubesphere_running" 
error: unable to upgrade connection: container not found ("installer"): Process exited with status 1
2024-07-08T23:44:09.954-0700	[exec] zhaoyu CMD: sudo -E /bin/bash -c "/usr/local/bin/kubectl exec -n kubesphere-system $(kubectl get pod -n kubesphere-system -l app=ks-installer -o jsonpath='{.items[0].metadata.name}') -- ls /kubesphere/playbooks/kubesphere_running", ERROR: Failed to exec command: sudo -E /bin/bash -c "/usr/local/bin/kubectl exec -n kubesphere-system $(kubectl get pod -n kubesphere-system -l app=ks-installer -o jsonpath='{.items[0].metadata.name}') -- ls /kubesphere/playbooks/kubesphere_running" 
error: unable to upgrade connection: container not found ("installer"): Process exited with status 1
2024-07-08T23:44:15.253-0700	[exec] zhaoyu CMD: sudo -E /bin/bash -c "/usr/local/bin/kubectl exec -n kubesphere-system $(kubectl get pod -n kubesphere-system -l app=ks-installer -o jsonpath='{.items[0].metadata.name}') -- ls /kubesphere/playbooks/kubesphere_running", ERROR: Failed to exec command: sudo -E /bin/bash -c "/usr/local/bin/kubectl exec -n kubesphere-system $(kubectl get pod -n kubesphere-system -l app=ks-installer -o jsonpath='{.items[0].metadata.name}') -- ls /kubesphere/playbooks/kubesphere_running" 
error: unable to upgrade connection: container not found ("installer"): Process exited with status 1
2024-07-08T23:44:20.553-0700	[exec] zhaoyu CMD: sudo -E /bin/bash -c "/usr/local/bin/kubectl exec -n kubesphere-system $(kubectl get pod -n kubesphere-system -l app=ks-installer -o jsonpath='{.items[0].metadata.name}') -- ls /kubesphere/playbooks/kubesphere_running", ERROR: Failed to exec command: sudo -E /bin/bash -c "/usr/local/bin/kubectl exec -n kubesphere-system $(kubectl get pod -n kubesphere-system -l app=ks-installer -o jsonpath='{.items[0].metadata.name}') -- ls /kubesphere/playbooks/kubesphere_running" 
error: unable to upgrade connection: container not found ("installer"): Process exited with status 1
2024-07-08T23:44:25.855-0700	[exec] zhaoyu CMD: sudo -E /bin/bash -c "/usr/local/bin/kubectl exec -n kubesphere-system $(kubectl get pod -n kubesphere-system -l app=ks-installer -o jsonpath='{.items[0].metadata.name}') -- ls /kubesphere/playbooks/kubesphere_running", ERROR: Failed to exec command: sudo -E /bin/bash -c "/usr/local/bin/kubectl exec -n kubesphere-system $(kubectl get pod -n kubesphere-system -l app=ks-installer -o jsonpath='{.items[0].metadata.name}') -- ls /kubesphere/playbooks/kubesphere_running" 
error: unable to upgrade connection: container not found ("installer"): Process exited with status 1
2024-07-08T23:44:31.147-0700	[exec] zhaoyu CMD: sudo -E /bin/bash -c "/usr/local/bin/kubectl exec -n kubesphere-system $(kubectl get pod -n kubesphere-system -l app=ks-installer -o jsonpath='{.items[0].metadata.name}') -- ls /kubesphere/playbooks/kubesphere_running", ERROR: Failed to exec command: sudo -E /bin/bash -c "/usr/local/bin/kubectl exec -n kubesphere-system $(kubectl get pod -n kubesphere-system -l app=ks-installer -o jsonpath='{.items[0].metadata.name}') -- ls /kubesphere/playbooks/kubesphere_running" 
error: unable to upgrade connection: container not found ("installer"): Process exited with status 1
2024-07-08T23:44:36.468-0700	[exec] zhaoyu CMD: sudo -E /bin/bash -c "/usr/local/bin/kubectl exec -n kubesphere-system $(kubectl get pod -n kubesphere-system -l app=ks-installer -o jsonpath='{.items[0].metadata.name}') -- ls /kubesphere/playbooks/kubesphere_running", ERROR: Failed to exec command: sudo -E /bin/bash -c "/usr/local/bin/kubectl exec -n kubesphere-system $(kubectl get pod -n kubesphere-system -l app=ks-installer -o jsonpath='{.items[0].metadata.name}') -- ls /kubesphere/playbooks/kubesphere_running" 
error: unable to upgrade connection: container not found ("installer"): Process exited with status 1
2024-07-08T23:44:41.773-0700	[exec] zhaoyu CMD: sudo -E /bin/bash -c "/usr/local/bin/kubectl exec -n kubesphere-system $(kubectl get pod -n kubesphere-system -l app=ks-installer -o jsonpath='{.items[0].metadata.name}') -- ls /kubesphere/playbooks/kubesphere_running", ERROR: Failed to exec command: sudo -E /bin/bash -c "/usr/local/bin/kubectl exec -n kubesphere-system $(kubectl get pod -n kubesphere-system -l app=ks-installer -o jsonpath='{.items[0].metadata.name}') -- ls /kubesphere/playbooks/kubesphere_running" 
error: unable to upgrade connection: container not found ("installer"): Process exited with status 1
2024-07-08T23:44:47.091-0700	[exec] zhaoyu CMD: sudo -E /bin/bash -c "/usr/local/bin/kubectl exec -n kubesphere-system $(kubectl get pod -n kubesphere-system -l app=ks-installer -o jsonpath='{.items[0].metadata.name}') -- ls /kubesphere/playbooks/kubesphere_running", ERROR: Failed to exec command: sudo -E /bin/bash -c "/usr/local/bin/kubectl exec -n kubesphere-system $(kubectl get pod -n kubesphere-system -l app=ks-installer -o jsonpath='{.items[0].metadata.name}') -- ls /kubesphere/playbooks/kubesphere_running" 
error: unable to upgrade connection: container not found ("installer"): Process exited with status 1
2024-07-08T23:44:52.417-0700	[exec] zhaoyu CMD: sudo -E /bin/bash -c "/usr/local/bin/kubectl exec -n kubesphere-system $(kubectl get pod -n kubesphere-system -l app=ks-installer -o jsonpath='{.items[0].metadata.name}') -- ls /kubesphere/playbooks/kubesphere_running", ERROR: Failed to exec command: sudo -E /bin/bash -c "/usr/local/bin/kubectl exec -n kubesphere-system $(kubectl get pod -n kubesphere-system -l app=ks-installer -o jsonpath='{.items[0].metadata.name}') -- ls /kubesphere/playbooks/kubesphere_running" 
error: unable to upgrade connection: container not found ("installer"): Process exited with status 1
2024-07-08T23:44:57.745-0700	[exec] zhaoyu CMD: sudo -E /bin/bash -c "/usr/local/bin/kubectl exec -n kubesphere-system $(kubectl get pod -n kubesphere-system -l app=ks-installer -o jsonpath='{.items[0].metadata.name}') -- ls /kubesphere/playbooks/kubesphere_running", ERROR: Failed to exec command: sudo -E /bin/bash -c "/usr/local/bin/kubectl exec -n kubesphere-system $(kubectl get pod -n kubesphere-system -l app=ks-installer -o jsonpath='{.items[0].metadata.name}') -- ls /kubesphere/playbooks/kubesphere_running" 
error: unable to upgrade connection: container not found ("installer"): Process exited with status 1
2024-07-08T23:45:03.070-0700	[exec] zhaoyu CMD: sudo -E /bin/bash -c "/usr/local/bin/kubectl exec -n kubesphere-system $(kubectl get pod -n kubesphere-system -l app=ks-installer -o jsonpath='{.items[0].metadata.name}') -- ls /kubesphere/playbooks/kubesphere_running", ERROR: Failed to exec command: sudo -E /bin/bash -c "/usr/local/bin/kubectl exec -n kubesphere-system $(kubectl get pod -n kubesphere-system -l app=ks-installer -o jsonpath='{.items[0].metadata.name}') -- ls /kubesphere/playbooks/kubesphere_running" 
error: unable to upgrade connection: container not found ("installer"): Process exited with status 1
2024-07-08T23:45:08.414-0700	[exec] zhaoyu CMD: sudo -E /bin/bash -c "/usr/local/bin/kubectl exec -n kubesphere-system $(kubectl get pod -n kubesphere-system -l app=ks-installer -o jsonpath='{.items[0].metadata.name}') -- ls /kubesphere/playbooks/kubesphere_running", ERROR: Failed to exec command: sudo -E /bin/bash -c "/usr/local/bin/kubectl exec -n kubesphere-system $(kubectl get pod -n kubesphere-system -l app=ks-installer -o jsonpath='{.items[0].metadata.name}') -- ls /kubesphere/playbooks/kubesphere_running" 
ls: /kubesphere/playbooks/kubesphere_running: No such file or directory
command terminated with exit code 1: Process exited with status 1
start to sync ks-installer's log2024-07-08T23:45:08-07:00 INFO     : shell-operator latest
2024-07-08T23:45:08-07:00 INFO     : Use temporary dir: /tmp/shell-operator
2024-07-08T23:45:08-07:00 INFO     : Initialize hooks manager ...
2024-07-08T23:45:08-07:00 INFO     : Search and load hooks ...
2024-07-08T23:45:08-07:00 INFO     : HTTP SERVER Listening on 0.0.0.0:9115
2024-07-08T23:45:08-07:00 INFO     : Load hook config from '/hooks/kubesphere/installRunner.py'
2024-07-08T23:45:08-07:00 INFO     : Load hook config from '/hooks/kubesphere/schedule.sh'
2024-07-08T23:45:08-07:00 INFO     : Initializing schedule manager ...
2024-07-08T23:45:08-07:00 INFO     : KUBE Init Kubernetes client
2024-07-08T23:45:08-07:00 INFO     : KUBE-INIT Kubernetes client is configured successfully
2024-07-08T23:45:08-07:00 INFO     : MAIN: run main loop
2024-07-08T23:45:08-07:00 INFO     : MAIN: add onStartup tasks
2024-07-08T23:45:08-07:00 INFO     : QUEUE add all HookRun@OnStartup
2024-07-08T23:45:08-07:00 INFO     : MSTOR Create new metric shell_operator_live_ticks
2024-07-08T23:45:08-07:00 INFO     : MSTOR Create new metric shell_operator_tasks_queue_length
2024-07-08T23:45:08-07:00 INFO     : Running schedule manager ...
2024-07-08T23:45:08-07:00 INFO     : GVR for kind 'ClusterConfiguration' is installer.kubesphere.io/v1alpha1, Resource=clusterconfigurations
2024-07-08T23:45:08-07:00 INFO     : EVENT Kube event '3c0fac08-d31d-4be7-8244-5b96eac6c343'
2024-07-08T23:45:08-07:00 INFO     : QUEUE add TASK_HOOK_RUN@KUBE_EVENTS kubesphere/installRunner.py
2024-07-08T23:45:11-07:00 INFO     : TASK_RUN HookRun@KUBE_EVENTS kubesphere/installRunner.py
2024-07-08T23:45:11-07:00 INFO     : Running hook 'kubesphere/installRunner.py' binding 'KUBE_EVENTS' ...
[WARNING]: No inventory was parsed, only implicit localhost is available
[WARNING]: provided hosts list is empty, only localhost is available. Note that
the implicit localhost does not match 'all'

PLAY [localhost] ***************************************************************

TASK [download : Generating images list] ***************************************
skipping: [localhost]

TASK [download : Synchronizing images] *****************************************

TASK [kubesphere-defaults : KubeSphere | Setting images' namespace override] ***
skipping: [localhost]

TASK [kubesphere-defaults : KubeSphere | Configuring defaults] *****************
ok: [localhost] => {
    "msg": "Check roles/kubesphere-defaults/defaults/main.yml"
}

TASK [preinstall : KubeSphere | Stopping if Kubernetes version is nonsupport] ***
ok: [localhost] => {
    "changed": false,
    "msg": "All assertions passed"
}

TASK [preinstall : KubeSphere | Checking StorageClass] *************************
changed: [localhost]

TASK [preinstall : KubeSphere | Stopping if StorageClass was not found] ********
skipping: [localhost]

TASK [preinstall : KubeSphere | Checking default StorageClass] *****************
changed: [localhost]

TASK [preinstall : KubeSphere | Stopping if default StorageClass was not found] ***
ok: [localhost] => {
    "changed": false,
    "msg": "All assertions passed"
}

TASK [preinstall : KubeSphere | Checking KubeSphere component] *****************
changed: [localhost]

TASK [preinstall : KubeSphere | Getting KubeSphere component version] **********
skipping: [localhost] => (item=ks-openldap) 
skipping: [localhost] => (item=ks-redis) 
skipping: [localhost] => (item=ks-minio) 
skipping: [localhost] => (item=ks-openpitrix) 
skipping: [localhost] => (item=elasticsearch-logging) 
skipping: [localhost] => (item=elasticsearch-logging-curator) 
skipping: [localhost] => (item=istio) 
skipping: [localhost] => (item=istio-init) 
skipping: [localhost] => (item=jaeger-operator) 
skipping: [localhost] => (item=ks-jenkins) 
skipping: [localhost] => (item=ks-sonarqube) 
skipping: [localhost] => (item=logging-fluentbit-operator) 
skipping: [localhost] => (item=uc) 
skipping: [localhost] => (item=metrics-server) 

PLAY RECAP *********************************************************************
localhost                  : ok=6    changed=3    unreachable=0    failed=0    skipped=5    rescued=0    ignored=0   
2024-07-08T23:45:13.762-0700	[exec] zhaoyu CMD: sudo -E /bin/bash -c "/usr/local/bin/kubectl exec -n kubesphere-system $(kubectl get pod -n kubesphere-system -l app=ks-installer -o jsonpath='{.items[0].metadata.name}') -- ls /kubesphere/playbooks/kubesphere_running", ERROR: Failed to exec command: sudo -E /bin/bash -c "/usr/local/bin/kubectl exec -n kubesphere-system $(kubectl get pod -n kubesphere-system -l app=ks-installer -o jsonpath='{.items[0].metadata.name}') -- ls /kubesphere/playbooks/kubesphere_running" 
ls: /kubesphere/playbooks/kubesphere_running: No such file or directory
command terminated with exit code 1: Process exited with status 1
[WARNING]: No inventory was parsed, only implicit localhost is available
[WARNING]: provided hosts list is empty, only localhost is available. Note that
the implicit localhost does not match 'all'

PLAY [localhost] ***************************************************************

TASK [download : Generating images list] ***************************************
skipping: [localhost]

TASK [download : Synchronizing images] *****************************************

TASK [kubesphere-defaults : KubeSphere | Setting images' namespace override] ***
skipping: [localhost]

TASK [kubesphere-defaults : KubeSphere | Configuring defaults] *****************
ok: [localhost] => {
    "msg": "Check roles/kubesphere-defaults/defaults/main.yml"
}

TASK [Metrics-Server | Getting metrics-server installation files] **************
skipping: [localhost]

TASK [metrics-server : Metrics-Server | Creating manifests] ********************
skipping: [localhost] => (item={'file': 'metrics-server.yaml'}) 

TASK [metrics-server : Metrics-Server | Checking Metrics-Server] ***************
skipping: [localhost]

TASK [Metrics-Server | Uninstalling old metrics-server] ************************
skipping: [localhost]

TASK [Metrics-Server | Installing new metrics-server] **************************
skipping: [localhost]

TASK [metrics-server : Metrics-Server | Waitting for metrics.k8s.io ready] *****
skipping: [localhost]

TASK [Metrics-Server | Importing metrics-server status] ************************
skipping: [localhost]

PLAY RECAP *********************************************************************
localhost                  : ok=1    changed=0    unreachable=0    failed=0    skipped=10   rescued=0    ignored=0   
[WARNING]: No inventory was parsed, only implicit localhost is available
[WARNING]: provided hosts list is empty, only localhost is available. Note that
the implicit localhost does not match 'all'

PLAY [localhost] ***************************************************************

TASK [download : Generating images list] ***************************************
skipping: [localhost]

TASK [download : Synchronizing images] *****************************************

TASK [kubesphere-defaults : KubeSphere | Setting images' namespace override] ***
skipping: [localhost]

TASK [kubesphere-defaults : KubeSphere | Configuring defaults] *****************
ok: [localhost] => {
    "msg": "Check roles/kubesphere-defaults/defaults/main.yml"
}

TASK [common : KubeSphere | Checking kube-node-lease namespace] ****************
changed: [localhost]

TASK [common : KubeSphere | Getting system namespaces] *************************
ok: [localhost]

TASK [common : set_fact] *******************************************************
ok: [localhost]

TASK [common : debug] **********************************************************
ok: [localhost] => {
    "msg": [
        "kubesphere-system",
        "kubesphere-controls-system",
        "kubesphere-monitoring-system",
        "kubesphere-monitoring-federated",
        "kube-node-lease"
    ]
}

TASK [common : KubeSphere | Creating KubeSphere namespace] *********************
changed: [localhost] => (item=kubesphere-system)
changed: [localhost] => (item=kubesphere-controls-system)
changed: [localhost] => (item=kubesphere-monitoring-system)
changed: [localhost] => (item=kubesphere-monitoring-federated)
changed: [localhost] => (item=kube-node-lease)

TASK [common : KubeSphere | Labeling system-workspace] *************************
changed: [localhost] => (item=default)
changed: [localhost] => (item=kube-public)
changed: [localhost] => (item=kube-system)
changed: [localhost] => (item=kubesphere-system)
changed: [localhost] => (item=kubesphere-controls-system)
changed: [localhost] => (item=kubesphere-monitoring-system)
changed: [localhost] => (item=kubesphere-monitoring-federated)
changed: [localhost] => (item=kube-node-lease)

TASK [common : KubeSphere | Labeling namespace for network policy] *************
changed: [localhost]

TASK [common : KubeSphere | Getting Kubernetes master num] *********************
changed: [localhost]

TASK [common : KubeSphere | Setting master num] ********************************
ok: [localhost]

TASK [KubeSphere | Getting common component installation files] ****************
changed: [localhost] => (item=common)

TASK [common : KubeSphere | Checking Kubernetes version] ***********************
changed: [localhost]

TASK [KubeSphere | Getting common component installation files] ****************
2024-07-08T23:45:19.111-0700	[exec] zhaoyu CMD: sudo -E /bin/bash -c "/usr/local/bin/kubectl exec -n kubesphere-system $(kubectl get pod -n kubesphere-system -l app=ks-installer -o jsonpath='{.items[0].metadata.name}') -- ls /kubesphere/playbooks/kubesphere_running", ERROR: Failed to exec command: sudo -E /bin/bash -c "/usr/local/bin/kubectl exec -n kubesphere-system $(kubectl get pod -n kubesphere-system -l app=ks-installer -o jsonpath='{.items[0].metadata.name}') -- ls /kubesphere/playbooks/kubesphere_running" 
ls: /kubesphere/playbooks/kubesphere_running: No such file or directory
command terminated with exit code 1: Process exited with status 1
changed: [localhost] => (item=snapshot-controller)

TASK [common : KubeSphere | Creating snapshot controller values] ***************
changed: [localhost] => (item={'name': 'custom-values-snapshot-controller', 'file': 'custom-values-snapshot-controller.yaml'})

TASK [common : KubeSphere | Updating snapshot crd] *****************************
changed: [localhost]

TASK [common : KubeSphere | Deploying snapshot controller] *********************
changed: [localhost]

TASK [KubeSphere | Creating common component manifests] ************************
changed: [localhost] => (item={'path': 'redis', 'file': 'redis.yaml'})

TASK [common : KubeSphere | Generet Random password] ***************************
ok: [localhost]

TASK [common : KubeSphere | Creating Redis Password Secret] ********************
changed: [localhost]

TASK [common : KubeSphere | Getting redis installation files] ******************
skipping: [localhost] => (item=redis-ha) 

TASK [common : KubeSphere | Creating manifests] ********************************
skipping: [localhost] => (item={'name': 'custom-values-redis', 'file': 'custom-values-redis.yaml'}) 

TASK [common : KubeSphere | Checking old redis status] *************************
skipping: [localhost]

TASK [common : KubeSphere | Deleting and backup old redis svc] *****************
skipping: [localhost]

TASK [common : KubeSphere | Deploying redis] ***********************************
skipping: [localhost]

TASK [common : KubeSphere | Deploying redis] ***********************************
changed: [localhost] => (item=redis.yaml)

TASK [common : KubeSphere | Importing redis status] ****************************
changed: [localhost]

PLAY RECAP *********************************************************************
localhost                  : ok=21   changed=15   unreachable=0    failed=0    skipped=8    rescued=0    ignored=0   
[WARNING]: No inventory was parsed, only implicit localhost is available
[WARNING]: provided hosts list is empty, only localhost is available. Note that
the implicit localhost does not match 'all'

PLAY [localhost] ***************************************************************

TASK [download : Generating images list] ***************************************
skipping: [localhost]

TASK [download : Synchronizing images] *****************************************

TASK [kubesphere-defaults : KubeSphere | Setting images' namespace override] ***
skipping: [localhost]

TASK [kubesphere-defaults : KubeSphere | Configuring defaults] *****************
ok: [localhost] => {
    "msg": "Check roles/kubesphere-defaults/defaults/main.yml"
}

TASK [ks-core/init-token : KubeSphere | Creating KubeSphere directory] *********
ok: [localhost]

TASK [ks-core/init-token : KubeSphere | Getting installation init files] *******
2024-07-08T23:45:24.453-0700	[exec] zhaoyu CMD: sudo -E /bin/bash -c "/usr/local/bin/kubectl exec -n kubesphere-system $(kubectl get pod -n kubesphere-system -l app=ks-installer -o jsonpath='{.items[0].metadata.name}') -- ls /kubesphere/playbooks/kubesphere_running", ERROR: Failed to exec command: sudo -E /bin/bash -c "/usr/local/bin/kubectl exec -n kubesphere-system $(kubectl get pod -n kubesphere-system -l app=ks-installer -o jsonpath='{.items[0].metadata.name}') -- ls /kubesphere/playbooks/kubesphere_running" 
ls: /kubesphere/playbooks/kubesphere_running: No such file or directory
command terminated with exit code 1: Process exited with status 1
changed: [localhost] => (item=jwt-script)

TASK [ks-core/init-token : KubeSphere | Creating KubeSphere Secret] ************
changed: [localhost]

TASK [ks-core/init-token : KubeSphere | Creating KubeSphere Secret] ************
ok: [localhost]

TASK [ks-core/init-token : KubeSphere | Creating KubeSphere Secret] ************
skipping: [localhost]

TASK [ks-core/init-token : KubeSphere | Enabling Token Script] *****************
changed: [localhost]

TASK [ks-core/init-token : KubeSphere | Getting KubeSphere Token] **************
changed: [localhost]

TASK [ks-core/init-token : KubeSphere | Checking KubeSphere secrets] ***********
changed: [localhost]

TASK [ks-core/init-token : KubeSphere | Deleting KubeSphere secret] ************
skipping: [localhost]

TASK [ks-core/init-token : KubeSphere | Creating components token] *************
changed: [localhost]

TASK [ks-core/ks-core : KubeSphere | Setting Kubernetes version] ***************
ok: [localhost]

TASK [ks-core/ks-core : KubeSphere | Getting Kubernetes master num] ************
changed: [localhost]

TASK [ks-core/ks-core : KubeSphere | Setting master num] ***********************
ok: [localhost]

TASK [ks-core/ks-core : KubeSphere | Override master num] **********************
skipping: [localhost]

TASK [ks-core/ks-core : KubeSphere | Setting enableHA] *************************
ok: [localhost]

TASK [ks-core/ks-core : KubeSphere | Checking ks-core Helm Release] ************
changed: [localhost]

TASK [ks-core/ks-core : KubeSphere | Checking ks-core Exsit] *******************
changed: [localhost]

TASK [ks-core/ks-core : KubeSphere | Convert ks-core to helm mananged] *********
skipping: [localhost] => (item={'ns': 'kubesphere-controls-system', 'kind': 'serviceaccounts', 'resource': 'kubesphere-cluster-admin', 'release': 'ks-core'}) 
skipping: [localhost] => (item={'ns': 'kubesphere-controls-system', 'kind': 'serviceaccounts', 'resource': 'kubesphere-router-serviceaccount', 'release': 'ks-core'}) 
skipping: [localhost] => (item={'ns': 'kubesphere-controls-system', 'kind': 'role', 'resource': 'system:kubesphere-router-role', 'release': 'ks-core'}) 
skipping: [localhost] => (item={'ns': 'kubesphere-controls-system', 'kind': 'rolebinding', 'resource': 'nginx-ingress-role-nisa-binding', 'release': 'ks-core'}) 
skipping: [localhost] => (item={'ns': 'kubesphere-controls-system', 'kind': 'deployment', 'resource': 'default-http-backend', 'release': 'ks-core'}) 
skipping: [localhost] => (item={'ns': 'kubesphere-controls-system', 'kind': 'service', 'resource': 'default-http-backend', 'release': 'ks-core'}) 
skipping: [localhost] => (item={'ns': 'kubesphere-system', 'kind': 'secrets', 'resource': 'ks-controller-manager-webhook-cert', 'release': 'ks-core'}) 
skipping: [localhost] => (item={'ns': 'kubesphere-system', 'kind': 'serviceaccounts', 'resource': 'kubesphere', 'release': 'ks-core'}) 
skipping: [localhost] => (item={'ns': 'kubesphere-system', 'kind': 'configmaps', 'resource': 'ks-router-config', 'release': 'ks-core'}) 
skipping: [localhost] => (item={'ns': 'kubesphere-system', 'kind': 'configmaps', 'resource': 'sample-bookinfo', 'release': 'ks-core'}) 
skipping: [localhost] => (item={'ns': 'kubesphere-system', 'kind': 'clusterroles', 'resource': 'system:kubesphere-router-clusterrole', 'release': 'ks-core'}) 
skipping: [localhost] => (item={'ns': 'kubesphere-system', 'kind': 'clusterrolebindings', 'resource': 'system:nginx-ingress-clusterrole-nisa-binding', 'release': 'ks-core'}) 
skipping: [localhost] => (item={'ns': 'kubesphere-system', 'kind': 'clusterrolebindings', 'resource': 'system:kubesphere-cluster-admin', 'release': 'ks-core'}) 
skipping: [localhost] => (item={'ns': 'kubesphere-system', 'kind': 'clusterrolebindings', 'resource': 'kubesphere', 'release': 'ks-core'}) 
skipping: [localhost] => (item={'ns': 'kubesphere-system', 'kind': 'services', 'resource': 'ks-apiserver', 'release': 'ks-core'}) 
skipping: [localhost] => (item={'ns': 'kubesphere-system', 'kind': 'services', 'resource': 'ks-controller-manager', 'release': 'ks-core'}) 
skipping: [localhost] => (item={'ns': 'kubesphere-system', 'kind': 'deployments', 'resource': 'ks-apiserver', 'release': 'ks-core'}) 
skipping: [localhost] => (item={'ns': 'kubesphere-system', 'kind': 'deployments', 'resource': 'ks-controller-manager', 'release': 'ks-core'}) 
skipping: [localhost] => (item={'ns': 'kubesphere-system', 'kind': 'validatingwebhookconfigurations', 'resource': 'users.iam.kubesphere.io', 'release': 'ks-core'}) 
skipping: [localhost] => (item={'ns': 'kubesphere-system', 'kind': 'validatingwebhookconfigurations', 'resource': 'resourcesquotas.quota.kubesphere.io', 'release': 'ks-core'}) 
skipping: [localhost] => (item={'ns': 'kubesphere-system', 'kind': 'validatingwebhookconfigurations', 'resource': 'network.kubesphere.io', 'release': 'ks-core'}) 
skipping: [localhost] => (item={'ns': 'kubesphere-system', 'kind': 'users.iam.kubesphere.io', 'resource': 'admin', 'release': 'ks-core'}) 

TASK [ks-core/ks-core : KubeSphere | Patch admin user] *************************
skipping: [localhost]

TASK [ks-core/ks-core : KubeSphere | Getting ks-core helm charts] **************
2024-07-08T23:45:29.786-0700	[exec] zhaoyu CMD: sudo -E /bin/bash -c "/usr/local/bin/kubectl exec -n kubesphere-system $(kubectl get pod -n kubesphere-system -l app=ks-installer -o jsonpath='{.items[0].metadata.name}') -- ls /kubesphere/playbooks/kubesphere_running", ERROR: Failed to exec command: sudo -E /bin/bash -c "/usr/local/bin/kubectl exec -n kubesphere-system $(kubectl get pod -n kubesphere-system -l app=ks-installer -o jsonpath='{.items[0].metadata.name}') -- ls /kubesphere/playbooks/kubesphere_running" 
ls: /kubesphere/playbooks/kubesphere_running: No such file or directory
command terminated with exit code 1: Process exited with status 1
2024-07-08T23:45:35.135-0700	[exec] zhaoyu CMD: sudo -E /bin/bash -c "/usr/local/bin/kubectl exec -n kubesphere-system $(kubectl get pod -n kubesphere-system -l app=ks-installer -o jsonpath='{.items[0].metadata.name}') -- ls /kubesphere/playbooks/kubesphere_running", ERROR: Failed to exec command: sudo -E /bin/bash -c "/usr/local/bin/kubectl exec -n kubesphere-system $(kubectl get pod -n kubesphere-system -l app=ks-installer -o jsonpath='{.items[0].metadata.name}') -- ls /kubesphere/playbooks/kubesphere_running" 
ls: /kubesphere/playbooks/kubesphere_running: No such file or directory
command terminated with exit code 1: Process exited with status 1
changed: [localhost] => (item=ks-core-config)
changed: [localhost] => (item=ks-core)

TASK [ks-core/ks-core : KubeSphere | Creating manifests] ***********************
changed: [localhost] => (item={'path': 'ks-core', 'file': 'custom-values-ks-core.yaml'})

TASK [ks-core/ks-core : KubeSphere | Upgrade CRDs] *****************************
changed: [localhost] => (item=/kubesphere/kubesphere/ks-core-config/crds/tenant.kubesphere.io_workspaces.yaml)
changed: [localhost] => (item=/kubesphere/kubesphere/ks-core-config/crds/storage.kubesphere.io_storageclasseraccessor.yaml)
changed: [localhost] => (item=/kubesphere/kubesphere/ks-core-config/crds/network.kubesphere.io_ipamhandles.yaml)
changed: [localhost] => (item=/kubesphere/kubesphere/ks-core-config/crds/iam.kubesphere.io_federatedrolebindings.yaml)
changed: [localhost] => (item=/kubesphere/kubesphere/ks-core-config/crds/application.kubesphere.io_helmreleases.yaml)
changed: [localhost] => (item=/kubesphere/kubesphere/ks-core-config/crds/servicemesh.kubesphere.io_servicepolicies.yaml)
changed: [localhost] => (item=/kubesphere/kubesphere/ks-core-config/crds/cluster.kubesphere.io_clusters.yaml)
changed: [localhost] => (item=/kubesphere/kubesphere/ks-core-config/crds/network.kubesphere.io_ippools.yaml)
changed: [localhost] => (item=/kubesphere/kubesphere/ks-core-config/crds/iam.kubesphere.io_rolebases.yaml)
changed: [localhost] => (item=/kubesphere/kubesphere/ks-core-config/crds/iam.kubesphere.io_loginrecords.yaml)
2024-07-08T23:45:40.478-0700	[exec] zhaoyu CMD: sudo -E /bin/bash -c "/usr/local/bin/kubectl exec -n kubesphere-system $(kubectl get pod -n kubesphere-system -l app=ks-installer -o jsonpath='{.items[0].metadata.name}') -- ls /kubesphere/playbooks/kubesphere_running", ERROR: Failed to exec command: sudo -E /bin/bash -c "/usr/local/bin/kubectl exec -n kubesphere-system $(kubectl get pod -n kubesphere-system -l app=ks-installer -o jsonpath='{.items[0].metadata.name}') -- ls /kubesphere/playbooks/kubesphere_running" 
ls: /kubesphere/playbooks/kubesphere_running: No such file or directory
command terminated with exit code 1: Process exited with status 1
changed: [localhost] => (item=/kubesphere/kubesphere/ks-core-config/crds/network.kubesphere.io_ipamblocks.yaml)
changed: [localhost] => (item=/kubesphere/kubesphere/ks-core-config/crds/gateway.kubesphere.io_nginxes.yaml)
changed: [localhost] => (item=/kubesphere/kubesphere/ks-core-config/crds/gateway.kubesphere.io_gateways.yaml)
changed: [localhost] => (item=/kubesphere/kubesphere/ks-core-config/crds/iam.kubesphere.io_workspaceroles.yaml)
changed: [localhost] => (item=/kubesphere/kubesphere/ks-core-config/crds/network.kubesphere.io_namespacenetworkpolicies.yaml)
changed: [localhost] => (item=/kubesphere/kubesphere/ks-core-config/crds/iam.kubesphere.io_federatedroles.yaml)
changed: [localhost] => (item=/kubesphere/kubesphere/ks-core-config/crds/tenant.kubesphere.io_workspacetemplates.yaml)
changed: [localhost] => (item=/kubesphere/kubesphere/ks-core-config/crds/application.kubesphere.io_helmapplications.yaml)
changed: [localhost] => (item=/kubesphere/kubesphere/ks-core-config/crds/servicemesh.kubesphere.io_strategies.yaml)
changed: [localhost] => (item=/kubesphere/kubesphere/ks-core-config/crds/quota.kubesphere.io_resourcequotas.yaml)
changed: [localhost] => (item=/kubesphere/kubesphere/ks-core-config/crds/iam.kubesphere.io_groups.yaml)
changed: [localhost] => (item=/kubesphere/kubesphere/ks-core-config/crds/application.kubesphere.io_helmrepos.yaml)
changed: [localhost] => (item=/kubesphere/kubesphere/ks-core-config/crds/app_v1beta1_application.yaml)
changed: [localhost] => (item=/kubesphere/kubesphere/ks-core-config/crds/iam.kubesphere.io_workspacerolebindings.yaml)
changed: [localhost] => (item=/kubesphere/kubesphere/ks-core-config/crds/iam.kubesphere.io_globalrolebindings.yaml)
changed: [localhost] => (item=/kubesphere/kubesphere/ks-core-config/crds/iam.kubesphere.io_users.yaml)
changed: [localhost] => (item=/kubesphere/kubesphere/ks-core-config/crds/application.kubesphere.io_helmapplicationversions.yaml)
2024-07-08T23:45:45.797-0700	[exec] zhaoyu CMD: sudo -E /bin/bash -c "/usr/local/bin/kubectl exec -n kubesphere-system $(kubectl get pod -n kubesphere-system -l app=ks-installer -o jsonpath='{.items[0].metadata.name}') -- ls /kubesphere/playbooks/kubesphere_running", ERROR: Failed to exec command: sudo -E /bin/bash -c "/usr/local/bin/kubectl exec -n kubesphere-system $(kubectl get pod -n kubesphere-system -l app=ks-installer -o jsonpath='{.items[0].metadata.name}') -- ls /kubesphere/playbooks/kubesphere_running" 
ls: /kubesphere/playbooks/kubesphere_running: No such file or directory
command terminated with exit code 1: Process exited with status 1
changed: [localhost] => (item=/kubesphere/kubesphere/ks-core-config/crds/iam.kubesphere.io_groupbindings.yaml)
changed: [localhost] => (item=/kubesphere/kubesphere/ks-core-config/crds/iam.kubesphere.io_globalroles.yaml)
changed: [localhost] => (item=/kubesphere/kubesphere/ks-core-config/crds/application.kubesphere.io_helmcategories.yaml)
changed: [localhost] => (item=/kubesphere/kubesphere/ks-core-config/crds/iam.kubesphere.io_federatedusers.yaml)

TASK [ks-core/ks-core : KubeSphere | Creating ks-core-config] ******************
changed: [localhost]

TASK [ks-core/ks-core : KubeSphere | Creating ks-core] *************************
changed: [localhost]

TASK [ks-core/ks-core : KubeSphere | Importing ks-core status] *****************
changed: [localhost]

TASK [ks-core/prepare : KubeSphere | Checking core components (1)] *************
changed: [localhost]

TASK [ks-core/prepare : KubeSphere | Checking core components (2)] *************
changed: [localhost]

TASK [ks-core/prepare : KubeSphere | Checking core components (3)] *************
skipping: [localhost]

TASK [ks-core/prepare : KubeSphere | Checking core components (4)] *************
skipping: [localhost]

TASK [ks-core/prepare : KubeSphere | Updating ks-core status] ******************
skipping: [localhost]

TASK [ks-core/prepare : set_fact] **********************************************
skipping: [localhost]

TASK [ks-core/prepare : KubeSphere | Creating KubeSphere directory] ************
ok: [localhost]

TASK [ks-core/prepare : KubeSphere | Getting installation init files] **********
changed: [localhost] => (item=ks-init)

TASK [ks-core/prepare : KubeSphere | Initing KubeSphere] ***********************
changed: [localhost] => (item=role-templates.yaml)

TASK [ks-core/prepare : KubeSphere | Generating kubeconfig-admin] **************
skipping: [localhost]

PLAY RECAP *********************************************************************
localhost                  : ok=26   changed=19   unreachable=0    failed=0    skipped=13   rescued=0    ignored=0   
2024-07-08T23:45:51.138-0700	[exec] zhaoyu CMD: sudo -E /bin/bash -c "/usr/local/bin/kubectl exec -n kubesphere-system $(kubectl get pod -n kubesphere-system -l app=ks-installer -o jsonpath='{.items[0].metadata.name}') -- ls /kubesphere/playbooks/kubesphere_running", ERROR: Failed to exec command: sudo -E /bin/bash -c "/usr/local/bin/kubectl exec -n kubesphere-system $(kubectl get pod -n kubesphere-system -l app=ks-installer -o jsonpath='{.items[0].metadata.name}') -- ls /kubesphere/playbooks/kubesphere_running" 
ls: /kubesphere/playbooks/kubesphere_running: No such file or directory
command terminated with exit code 1: Process exited with status 1
Start installing monitoring
Start installing multicluster
Start installing openpitrix
Start installing network
**************************************************
Waiting for all tasks to be completed ...
task network status is successful  (1/4)
task openpitrix status is successful  (2/4)
task multicluster status is successful  (3/4)
2024-07-08T23:45:56.478-0700	[exec] zhaoyu CMD: sudo -E /bin/bash -c "/usr/local/bin/kubectl exec -n kubesphere-system $(kubectl get pod -n kubesphere-system -l app=ks-installer -o jsonpath='{.items[0].metadata.name}') -- ls /kubesphere/playbooks/kubesphere_running", ERROR: Failed to exec command: sudo -E /bin/bash -c "/usr/local/bin/kubectl exec -n kubesphere-system $(kubectl get pod -n kubesphere-system -l app=ks-installer -o jsonpath='{.items[0].metadata.name}') -- ls /kubesphere/playbooks/kubesphere_running" 
ls: /kubesphere/playbooks/kubesphere_running: No such file or directory
command terminated with exit code 1: Process exited with status 1
2024-07-08T23:46:01.818-0700	[exec] zhaoyu CMD: sudo -E /bin/bash -c "/usr/local/bin/kubectl exec -n kubesphere-system $(kubectl get pod -n kubesphere-system -l app=ks-installer -o jsonpath='{.items[0].metadata.name}') -- ls /kubesphere/playbooks/kubesphere_running", ERROR: Failed to exec command: sudo -E /bin/bash -c "/usr/local/bin/kubectl exec -n kubesphere-system $(kubectl get pod -n kubesphere-system -l app=ks-installer -o jsonpath='{.items[0].metadata.name}') -- ls /kubesphere/playbooks/kubesphere_running" 
ls: /kubesphere/playbooks/kubesphere_running: No such file or directory
command terminated with exit code 1: Process exited with status 1
2024-07-08T23:46:07.173-0700	[exec] zhaoyu CMD: sudo -E /bin/bash -c "/usr/local/bin/kubectl exec -n kubesphere-system $(kubectl get pod -n kubesphere-system -l app=ks-installer -o jsonpath='{.items[0].metadata.name}') -- ls /kubesphere/playbooks/kubesphere_running", ERROR: Failed to exec command: sudo -E /bin/bash -c "/usr/local/bin/kubectl exec -n kubesphere-system $(kubectl get pod -n kubesphere-system -l app=ks-installer -o jsonpath='{.items[0].metadata.name}') -- ls /kubesphere/playbooks/kubesphere_running" 
ls: /kubesphere/playbooks/kubesphere_running: No such file or directory
command terminated with exit code 1: Process exited with status 1
2024-07-08T23:46:12.512-0700	[exec] zhaoyu CMD: sudo -E /bin/bash -c "/usr/local/bin/kubectl exec -n kubesphere-system $(kubectl get pod -n kubesphere-system -l app=ks-installer -o jsonpath='{.items[0].metadata.name}') -- ls /kubesphere/playbooks/kubesphere_running", ERROR: Failed to exec command: sudo -E /bin/bash -c "/usr/local/bin/kubectl exec -n kubesphere-system $(kubectl get pod -n kubesphere-system -l app=ks-installer -o jsonpath='{.items[0].metadata.name}') -- ls /kubesphere/playbooks/kubesphere_running" 
ls: /kubesphere/playbooks/kubesphere_running: No such file or directory
command terminated with exit code 1: Process exited with status 1
2024-07-08T23:46:17.882-0700	[exec] zhaoyu CMD: sudo -E /bin/bash -c "/usr/local/bin/kubectl exec -n kubesphere-system $(kubectl get pod -n kubesphere-system -l app=ks-installer -o jsonpath='{.items[0].metadata.name}') -- ls /kubesphere/playbooks/kubesphere_running", ERROR: Failed to exec command: sudo -E /bin/bash -c "/usr/local/bin/kubectl exec -n kubesphere-system $(kubectl get pod -n kubesphere-system -l app=ks-installer -o jsonpath='{.items[0].metadata.name}') -- ls /kubesphere/playbooks/kubesphere_running" 
ls: /kubesphere/playbooks/kubesphere_running: No such file or directory
command terminated with exit code 1: Process exited with status 1
2024-07-08T23:46:23.267-0700	[exec] zhaoyu CMD: sudo -E /bin/bash -c "/usr/local/bin/kubectl exec -n kubesphere-system $(kubectl get pod -n kubesphere-system -l app=ks-installer -o jsonpath='{.items[0].metadata.name}') -- ls /kubesphere/playbooks/kubesphere_running", ERROR: Failed to exec command: sudo -E /bin/bash -c "/usr/local/bin/kubectl exec -n kubesphere-system $(kubectl get pod -n kubesphere-system -l app=ks-installer -o jsonpath='{.items[0].metadata.name}') -- ls /kubesphere/playbooks/kubesphere_running" 
ls: /kubesphere/playbooks/kubesphere_running: No such file or directory
command terminated with exit code 1: Process exited with status 1
2024-07-08T23:46:28.618-0700	[exec] zhaoyu CMD: sudo -E /bin/bash -c "/usr/local/bin/kubectl exec -n kubesphere-system $(kubectl get pod -n kubesphere-system -l app=ks-installer -o jsonpath='{.items[0].metadata.name}') -- ls /kubesphere/playbooks/kubesphere_running", ERROR: Failed to exec command: sudo -E /bin/bash -c "/usr/local/bin/kubectl exec -n kubesphere-system $(kubectl get pod -n kubesphere-system -l app=ks-installer -o jsonpath='{.items[0].metadata.name}') -- ls /kubesphere/playbooks/kubesphere_running" 
ls: /kubesphere/playbooks/kubesphere_running: No such file or directory
command terminated with exit code 1: Process exited with status 1
2024-07-08T23:46:33.962-0700	[exec] zhaoyu CMD: sudo -E /bin/bash -c "/usr/local/bin/kubectl exec -n kubesphere-system $(kubectl get pod -n kubesphere-system -l app=ks-installer -o jsonpath='{.items[0].metadata.name}') -- ls /kubesphere/playbooks/kubesphere_running", ERROR: Failed to exec command: sudo -E /bin/bash -c "/usr/local/bin/kubectl exec -n kubesphere-system $(kubectl get pod -n kubesphere-system -l app=ks-installer -o jsonpath='{.items[0].metadata.name}') -- ls /kubesphere/playbooks/kubesphere_running" 
ls: /kubesphere/playbooks/kubesphere_running: No such file or directory
command terminated with exit code 1: Process exited with status 1
2024-07-08T23:46:39.322-0700	[exec] zhaoyu CMD: sudo -E /bin/bash -c "/usr/local/bin/kubectl exec -n kubesphere-system $(kubectl get pod -n kubesphere-system -l app=ks-installer -o jsonpath='{.items[0].metadata.name}') -- ls /kubesphere/playbooks/kubesphere_running", ERROR: Failed to exec command: sudo -E /bin/bash -c "/usr/local/bin/kubectl exec -n kubesphere-system $(kubectl get pod -n kubesphere-system -l app=ks-installer -o jsonpath='{.items[0].metadata.name}') -- ls /kubesphere/playbooks/kubesphere_running" 
ls: /kubesphere/playbooks/kubesphere_running: No such file or directory
command terminated with exit code 1: Process exited with status 1
task monitoring status is successful  (4/4)
**************************************************
Collecting installation results ...
[WARNING]: No inventory was parsed, only implicit localhost is available
[WARNING]: provided hosts list is empty, only localhost is available. Note that
the implicit localhost does not match 'all'

PLAY [localhost] ***************************************************************

TASK [download : Generating images list] ***************************************
skipping: [localhost]

TASK [download : Synchronizing images] *****************************************

TASK [kubesphere-defaults : KubeSphere | Setting images' namespace override] ***
skipping: [localhost]

TASK [kubesphere-defaults : KubeSphere | Configuring defaults] *****************
ok: [localhost] => {
    "msg": "Check roles/kubesphere-defaults/defaults/main.yml"
}

TASK [ks-core/config : KubeSphere | Getting sonarqube host] ********************
changed: [localhost]

TASK [ks-core/config : KubeSphere | Getting sonarqube token] *******************
changed: [localhost]

TASK [ks-core/config : set_fact] ***********************************************
skipping: [localhost]

TASK [ks-core/config : set_fact] ***********************************************
skipping: [localhost]

TASK [ks-core/config : KubeSphere | Getting es index prefix] *******************
changed: [localhost]

TASK [ks-core/config : set_fact] ***********************************************
skipping: [localhost]

TASK [ks-core/config : KubeSphere | Getting token] *****************************
changed: [localhost]

TASK [ks-core/config : KubeSphere | Getting ks-secret] *************************
changed: [localhost]

TASK [ks-core/config : debug] **************************************************
ok: [localhost] => {
    "msg": "Current Kubernetes version is v1.22.16+k3s1"
}

TASK [ks-core/config : KubeSphere | Setting kubectl image version] *************
ok: [localhost] => (item={'key': 'v1.22.0', 'value': 'v1.22.0'})
skipping: [localhost] => (item={'key': 'v1.21.0', 'value': 'v1.21.0'}) 
skipping: [localhost] => (item={'key': 'v1.20.0', 'value': 'v1.20.0'}) 
skipping: [localhost] => (item={'key': 'v1.19.0', 'value': 'v1.19.1'}) 
skipping: [localhost] => (item={'key': 'v1.18.0', 'value': 'v1.18.0'}) 
skipping: [localhost] => (item={'key': 'v1.17.0', 'value': 'v1.17.0'}) 
skipping: [localhost] => (item={'key': 'v1.16.0', 'value': 'v1.16.0'}) 
skipping: [localhost] => (item={'key': 'v1.15.0', 'value': 'v1.0.0'}) 

TASK [ks-core/config : debug] **************************************************
ok: [localhost] => {
    "msg": "Current kubectl image version is v1.22.0"
}

TASK [ks-core/config : KubeSphere | Getting Kubernetes master num] *************
changed: [localhost]

TASK [ks-core/config : KubeSphere | Setting master num] ************************
ok: [localhost]

TASK [ks-core/config : KubeSphere | Creating manifests] ************************
2024-07-08T23:46:44.644-0700	[exec] zhaoyu CMD: sudo -E /bin/bash -c "/usr/local/bin/kubectl exec -n kubesphere-system $(kubectl get pod -n kubesphere-system -l app=ks-installer -o jsonpath='{.items[0].metadata.name}') -- ls /kubesphere/playbooks/kubesphere_running", ERROR: Failed to exec command: sudo -E /bin/bash -c "/usr/local/bin/kubectl exec -n kubesphere-system $(kubectl get pod -n kubesphere-system -l app=ks-installer -o jsonpath='{.items[0].metadata.name}') -- ls /kubesphere/playbooks/kubesphere_running" 
ls: /kubesphere/playbooks/kubesphere_running: No such file or directory
command terminated with exit code 1: Process exited with status 1
changed: [localhost] => (item={'name': 'kubesphere-config', 'file': 'kubesphere-config.yaml', 'type': 'cm'})

TASK [ks-core/config : KubeSphere | Initing KubeSphere] ************************
changed: [localhost] => (item=kubesphere-config.yaml)

TASK [ks-core/config : OpenPitrix | Getting openpitrix jobs installation files] ***
skipping: [localhost] => (item=openpitrix) 

TASK [ks-core/config : OpenPitrix | Creating openpitrix jobs manifests] ********
skipping: [localhost] => (item={'path': 'openpitrix', 'file': 'ks-openpitrix-upgrade.yaml'}) 

TASK [ks-core/config : OpenPitrix | Upgrade OpenPitrix] ************************
skipping: [localhost]

TASK [ks-core/config : OpenPitrix | Delete namespace openpitrix-system] ********
skipping: [localhost]

TASK [ks-core/config : Alerting | Checking status v3.0.0] **********************
changed: [localhost]

TASK [ks-core/config : Alerting | Getting migration files] *********************
skipping: [localhost] => (item=alerting-migration) 

TASK [ks-core/config : Alerting | Getting migration files] *********************
skipping: [localhost] => (item={'path': 'alerting-migration', 'file': 'ks-alerting-migration.yaml'}) 

TASK [ks-core/config : Alerting | Creating migration job] **********************
skipping: [localhost]

TASK [ks-core/config : Alerting | Getting migration job status] ****************
skipping: [localhost]

TASK [ks-core/config : Alerting | Getting migration job status] ****************
skipping: [localhost]

PLAY RECAP *********************************************************************
localhost                  : ok=14   changed=9    unreachable=0    failed=0    skipped=15   rescued=0    ignored=0   
[WARNING]: No inventory was parsed, only implicit localhost is available
[WARNING]: provided hosts list is empty, only localhost is available. Note that
the implicit localhost does not match 'all'

PLAY [localhost] ***************************************************************

TASK [download : Generating images list] ***************************************
skipping: [localhost]

TASK [download : Synchronizing images] *****************************************

TASK [kubesphere-defaults : KubeSphere | Setting images' namespace override] ***
skipping: [localhost]

TASK [kubesphere-defaults : KubeSphere | Configuring defaults] *****************
ok: [localhost] => {
    "msg": "Check roles/kubesphere-defaults/defaults/main.yml"
}

TASK [ks-core/config : KubeSphere | Getting sonarqube host] ********************
changed: [localhost]

TASK [ks-core/config : KubeSphere | Getting sonarqube token] *******************
changed: [localhost]

TASK [ks-core/config : set_fact] ***********************************************
skipping: [localhost]

TASK [ks-core/config : set_fact] ***********************************************
skipping: [localhost]

TASK [ks-core/config : KubeSphere | Getting es index prefix] *******************
changed: [localhost]

TASK [ks-core/config : set_fact] ***********************************************
skipping: [localhost]

TASK [ks-core/config : KubeSphere | Getting token] *****************************
changed: [localhost]

TASK [ks-core/config : KubeSphere | Getting ks-secret] *************************
changed: [localhost]

TASK [ks-core/config : debug] **************************************************
ok: [localhost] => {
    "msg": "Current Kubernetes version is v1.22.16+k3s1"
}

TASK [ks-core/config : KubeSphere | Setting kubectl image version] *************
ok: [localhost] => (item={'key': 'v1.22.0', 'value': 'v1.22.0'})
skipping: [localhost] => (item={'key': 'v1.21.0', 'value': 'v1.21.0'}) 
skipping: [localhost] => (item={'key': 'v1.20.0', 'value': 'v1.20.0'}) 
skipping: [localhost] => (item={'key': 'v1.19.0', 'value': 'v1.19.1'}) 
skipping: [localhost] => (item={'key': 'v1.18.0', 'value': 'v1.18.0'}) 
skipping: [localhost] => (item={'key': 'v1.17.0', 'value': 'v1.17.0'}) 
skipping: [localhost] => (item={'key': 'v1.16.0', 'value': 'v1.16.0'}) 
skipping: [localhost] => (item={'key': 'v1.15.0', 'value': 'v1.0.0'}) 

TASK [ks-core/config : debug] **************************************************
ok: [localhost] => {
    "msg": "Current kubectl image version is v1.22.0"
}

TASK [ks-core/config : KubeSphere | Getting Kubernetes master num] *************
changed: [localhost]

TASK [ks-core/config : KubeSphere | Setting master num] ************************
ok: [localhost]

TASK [ks-core/config : KubeSphere | Creating manifests] ************************
ok: [localhost] => (item={'name': 'kubesphere-config', 'file': 'kubesphere-config.yaml', 'type': 'cm'})

TASK [ks-core/config : KubeSphere | Initing KubeSphere] ************************
changed: [localhost] => (item=kubesphere-config.yaml)

TASK [ks-core/config : OpenPitrix | Getting openpitrix jobs installation files] ***
skipping: [localhost] => (item=openpitrix) 

TASK [ks-core/config : OpenPitrix | Creating openpitrix jobs manifests] ********
skipping: [localhost] => (item={'path': 'openpitrix', 'file': 'ks-openpitrix-upgrade.yaml'}) 

TASK [ks-core/config : OpenPitrix | Upgrade OpenPitrix] ************************
skipping: [localhost]

TASK [ks-core/config : OpenPitrix | Delete namespace openpitrix-system] ********
skipping: [localhost]

TASK [ks-core/config : Alerting | Checking status v3.0.0] **********************
changed: [localhost]

TASK [ks-core/config : Alerting | Getting migration files] *********************
skipping: [localhost] => (item=alerting-migration) 

TASK [ks-core/config : Alerting | Getting migration files] *********************
skipping: [localhost] => (item={'path': 'alerting-migration', 'file': 'ks-alerting-migration.yaml'}) 

TASK [ks-core/config : Alerting | Creating migration job] **********************
skipping: [localhost]

TASK [ks-core/config : Alerting | Getting migration job status] ****************
skipping: [localhost]

TASK [ks-core/config : Alerting | Getting migration job status] ****************
skipping: [localhost]

TASK [check-result : ks-devops | Getting ks-sonarqube NodeIp] ******************
changed: [localhost]

TASK [check-result : KubeSphere | Waiting for ks-apiserver] ********************
changed: [localhost]

TASK [check-result : KubeSphere | Importing ks-core status] ********************
2024-07-08T23:46:50.003-0700	[exec] zhaoyu CMD: sudo -E /bin/bash -c "/usr/local/bin/kubectl exec -n kubesphere-system $(kubectl get pod -n kubesphere-system -l app=ks-installer -o jsonpath='{.items[0].metadata.name}') -- ls /kubesphere/playbooks/kubesphere_running", ERROR: Failed to exec command: sudo -E /bin/bash -c "/usr/local/bin/kubectl exec -n kubesphere-system $(kubectl get pod -n kubesphere-system -l app=ks-installer -o jsonpath='{.items[0].metadata.name}') -- ls /kubesphere/playbooks/kubesphere_running" 
ls: /kubesphere/playbooks/kubesphere_running: No such file or directory
command terminated with exit code 1: Process exited with status 1
changed: [localhost]

TASK [check-result : KubeSphere | Creating info_file] **************************
changed: [localhost -> localhost] => (item={'name': 'welcome', 'file': 'kubesphere_running', 'type': 'info'})

PLAY RECAP *********************************************************************
localhost                  : ok=18   changed=12   unreachable=0    failed=0    skipped=15   rescued=0    ignored=0   
#####################################################
###              Welcome to KubeSphere!           ###
#####################################################

NOTES：
  1. After you log into the console, please check the
     monitoring status of service components in
     "Cluster Management". If any service is not
     ready, please wait patiently until all components 
     are up and running.
  2. Please change the default password after login.

#####################################################
https://kubesphere.io             2024-07-08 23:46:50
#####################################################

2024-07-08T23:46:55.682-0700	[A] zhaoyu: CheckKsInstallerResult success (5m3.719068548s)
2024-07-08T23:46:55.682-0700	[exec] zhaoyu CMD: sudo -E /bin/bash -c "/usr/local/bin/kubectl logs -n kubesphere-system $(kubectl get pod -n kubesphere-system -l app=ks-installer -o jsonpath='{.items[0].metadata.name}') -f > /tmp/.ks-installer.log", ERROR: Failed to exec command: sudo -E /bin/bash -c "/usr/local/bin/kubectl logs -n kubesphere-system $(kubectl get pod -n kubesphere-system -l app=ks-installer -o jsonpath='{.items[0].metadata.name}') -f > /tmp/.ks-installer.log" 
: wait: remote command exited without exit status or exit signal
2024-07-08T23:46:55.682-0700	close connection zhaoyu
2024-07-08T23:46:55.682-0700	[Job] Install Terminus execute successfully!!! (7m25.059615669s)
Installation is complete.
	
	Please check the result using the command:
	
		kubectl logs -n kubesphere-system $(kubectl get pod -n kubesphere-system -l 'app in (ks-install, ks-installer)' -o jsonpath='{.items[0].metadata.name}') -f   
	
	tail log:  , [Failed to exec command: sudo -E /bin/bash -c "/usr/local/bin/kubectl logs -n kubesphere-system $(kubectl get pod -n kubesphere-system -l app=ks-installer -o jsonpath='{.items[0].metadata.name}') -f > /tmp/.ks-installer.log" 
: wait: remote command exited without exit status or exit signal]2024-07-08T23:47:00.683-0700	[exec] zhaoyu CMD: sudo -E /bin/bash -c "/usr/local/bin/kubectl exec -n kubesphere-system $(kubectl get pod -n kubesphere-system -l app=ks-installer -o jsonpath='{.items[0].metadata.name}') -- ls /kubesphere/playbooks/kubesphere_running", ERROR: failed to get SSH session: connection closed
